mode: set
github.com/myzkey/gh-repo-settings/cmd/schema/main.go:12.13,22.16 8 0
github.com/myzkey/gh-repo-settings/cmd/schema/main.go:22.16,25.3 2 0
github.com/myzkey/gh-repo-settings/cmd/schema/main.go:27.2,27.26 1 0
github.com/myzkey/gh-repo-settings/main.go:5.13,7.2 1 0
github.com/myzkey/gh-repo-settings/cmd/apply.go:33.13,40.2 6 0
github.com/myzkey/gh-repo-settings/cmd/apply.go:42.56,50.12 5 0
github.com/myzkey/gh-repo-settings/cmd/apply.go:50.12,54.3 3 0
github.com/myzkey/gh-repo-settings/cmd/apply.go:56.2,59.16 3 0
github.com/myzkey/gh-repo-settings/cmd/apply.go:59.16,61.3 1 0
github.com/myzkey/gh-repo-settings/cmd/apply.go:63.2,69.16 3 0
github.com/myzkey/gh-repo-settings/cmd/apply.go:69.16,71.3 1 0
github.com/myzkey/gh-repo-settings/cmd/apply.go:73.2,82.16 5 0
github.com/myzkey/gh-repo-settings/cmd/apply.go:82.16,84.3 1 0
github.com/myzkey/gh-repo-settings/cmd/apply.go:86.2,86.24 1 0
github.com/myzkey/gh-repo-settings/cmd/apply.go:86.24,89.3 2 0
github.com/myzkey/gh-repo-settings/cmd/apply.go:92.2,92.60 1 0
github.com/myzkey/gh-repo-settings/cmd/apply.go:92.60,95.3 2 0
github.com/myzkey/gh-repo-settings/cmd/apply.go:97.2,99.18 2 0
github.com/myzkey/gh-repo-settings/cmd/apply.go:99.18,103.39 4 0
github.com/myzkey/gh-repo-settings/cmd/apply.go:103.39,106.4 2 0
github.com/myzkey/gh-repo-settings/cmd/apply.go:109.2,113.45 4 0
github.com/myzkey/gh-repo-settings/cmd/apply.go:116.106,127.38 8 0
github.com/myzkey/gh-repo-settings/cmd/apply.go:127.38,128.26 1 0
github.com/myzkey/gh-repo-settings/cmd/apply.go:129.15,130.40 1 0
github.com/myzkey/gh-repo-settings/cmd/apply.go:131.17,132.24 1 0
github.com/myzkey/gh-repo-settings/cmd/apply.go:133.17,134.47 1 0
github.com/myzkey/gh-repo-settings/cmd/apply.go:135.28,138.93 2 0
github.com/myzkey/gh-repo-settings/cmd/apply.go:139.18,140.51 1 0
github.com/myzkey/gh-repo-settings/cmd/apply.go:145.2,145.26 1 0
github.com/myzkey/gh-repo-settings/cmd/apply.go:145.26,147.61 2 0
github.com/myzkey/gh-repo-settings/cmd/apply.go:147.61,150.4 2 0
github.com/myzkey/gh-repo-settings/cmd/apply.go:151.3,151.28 1 0
github.com/myzkey/gh-repo-settings/cmd/apply.go:155.2,155.19 1 0
github.com/myzkey/gh-repo-settings/cmd/apply.go:155.19,157.59 2 0
github.com/myzkey/gh-repo-settings/cmd/apply.go:157.59,160.4 2 0
github.com/myzkey/gh-repo-settings/cmd/apply.go:161.3,161.28 1 0
github.com/myzkey/gh-repo-settings/cmd/apply.go:165.2,165.38 1 0
github.com/myzkey/gh-repo-settings/cmd/apply.go:165.38,166.22 1 0
github.com/myzkey/gh-repo-settings/cmd/apply.go:167.23,170.94 3 0
github.com/myzkey/gh-repo-settings/cmd/apply.go:170.94,173.5 2 0
github.com/myzkey/gh-repo-settings/cmd/apply.go:174.4,174.29 1 0
github.com/myzkey/gh-repo-settings/cmd/apply.go:176.26,179.106 3 0
github.com/myzkey/gh-repo-settings/cmd/apply.go:179.106,182.5 2 0
github.com/myzkey/gh-repo-settings/cmd/apply.go:183.4,183.29 1 0
github.com/myzkey/gh-repo-settings/cmd/apply.go:185.26,187.62 2 0
github.com/myzkey/gh-repo-settings/cmd/apply.go:187.62,190.5 2 0
github.com/myzkey/gh-repo-settings/cmd/apply.go:191.4,191.29 1 0
github.com/myzkey/gh-repo-settings/cmd/apply.go:196.2,196.50 1 0
github.com/myzkey/gh-repo-settings/cmd/apply.go:196.50,214.82 4 0
github.com/myzkey/gh-repo-settings/cmd/apply.go:214.82,217.4 2 0
github.com/myzkey/gh-repo-settings/cmd/apply.go:218.3,218.28 1 0
github.com/myzkey/gh-repo-settings/cmd/apply.go:222.2,222.51 1 0
github.com/myzkey/gh-repo-settings/cmd/apply.go:222.51,223.91 1 0
github.com/myzkey/gh-repo-settings/cmd/apply.go:223.91,225.4 1 0
github.com/myzkey/gh-repo-settings/cmd/apply.go:228.2,231.12 3 0
github.com/myzkey/gh-repo-settings/cmd/apply.go:234.161,240.33 4 0
github.com/myzkey/gh-repo-settings/cmd/apply.go:240.33,241.21 1 0
github.com/myzkey/gh-repo-settings/cmd/apply.go:242.37,243.33 1 0
github.com/myzkey/gh-repo-settings/cmd/apply.go:244.71,245.30 1 0
github.com/myzkey/gh-repo-settings/cmd/apply.go:246.75,247.30 1 0
github.com/myzkey/gh-repo-settings/cmd/apply.go:252.2,252.28 1 0
github.com/myzkey/gh-repo-settings/cmd/apply.go:252.28,255.33 3 0
github.com/myzkey/gh-repo-settings/cmd/apply.go:255.33,257.4 1 0
github.com/myzkey/gh-repo-settings/cmd/apply.go:258.3,259.40 2 0
github.com/myzkey/gh-repo-settings/cmd/apply.go:259.40,261.4 1 0
github.com/myzkey/gh-repo-settings/cmd/apply.go:262.3,262.87 1 0
github.com/myzkey/gh-repo-settings/cmd/apply.go:262.87,265.4 2 0
github.com/myzkey/gh-repo-settings/cmd/apply.go:266.3,266.28 1 0
github.com/myzkey/gh-repo-settings/cmd/apply.go:270.2,270.63 1 0
github.com/myzkey/gh-repo-settings/cmd/apply.go:270.63,273.60 3 0
github.com/myzkey/gh-repo-settings/cmd/apply.go:273.60,275.4 1 0
github.com/myzkey/gh-repo-settings/cmd/apply.go:276.3,276.57 1 0
github.com/myzkey/gh-repo-settings/cmd/apply.go:276.57,278.4 1 0
github.com/myzkey/gh-repo-settings/cmd/apply.go:279.3,280.76 2 0
github.com/myzkey/gh-repo-settings/cmd/apply.go:280.76,283.4 2 0
github.com/myzkey/gh-repo-settings/cmd/apply.go:284.3,284.28 1 0
github.com/myzkey/gh-repo-settings/cmd/apply.go:288.2,288.25 1 0
github.com/myzkey/gh-repo-settings/cmd/apply.go:288.25,291.52 3 0
github.com/myzkey/gh-repo-settings/cmd/apply.go:291.52,293.4 1 0
github.com/myzkey/gh-repo-settings/cmd/apply.go:294.3,295.54 2 0
github.com/myzkey/gh-repo-settings/cmd/apply.go:295.54,297.4 1 0
github.com/myzkey/gh-repo-settings/cmd/apply.go:298.3,298.95 1 0
github.com/myzkey/gh-repo-settings/cmd/apply.go:298.95,301.4 2 0
github.com/myzkey/gh-repo-settings/cmd/apply.go:302.3,302.28 1 0
github.com/myzkey/gh-repo-settings/cmd/apply.go:305.2,305.12 1 0
github.com/myzkey/gh-repo-settings/cmd/apply.go:308.65,309.27 1 0
github.com/myzkey/gh-repo-settings/cmd/apply.go:309.27,310.21 1 0
github.com/myzkey/gh-repo-settings/cmd/apply.go:310.21,312.4 1 0
github.com/myzkey/gh-repo-settings/cmd/apply.go:314.2,314.23 1 0
github.com/myzkey/gh-repo-settings/cmd/apply.go:317.43,319.24 1 0
github.com/myzkey/gh-repo-settings/cmd/apply.go:319.24,320.15 1 0
github.com/myzkey/gh-repo-settings/cmd/apply.go:320.15,322.4 1 0
github.com/myzkey/gh-repo-settings/cmd/apply.go:324.2,324.12 1 0
github.com/myzkey/gh-repo-settings/cmd/export.go:31.13,36.2 4 0
github.com/myzkey/gh-repo-settings/cmd/export.go:38.57,46.12 5 0
github.com/myzkey/gh-repo-settings/cmd/export.go:46.12,50.3 3 0
github.com/myzkey/gh-repo-settings/cmd/export.go:52.2,55.16 3 0
github.com/myzkey/gh-repo-settings/cmd/export.go:55.16,57.3 1 0
github.com/myzkey/gh-repo-settings/cmd/export.go:59.2,65.16 4 0
github.com/myzkey/gh-repo-settings/cmd/export.go:65.16,67.3 1 0
github.com/myzkey/gh-repo-settings/cmd/export.go:69.2,81.30 2 0
github.com/myzkey/gh-repo-settings/cmd/export.go:81.30,83.3 1 0
github.com/myzkey/gh-repo-settings/cmd/export.go:86.2,87.35 2 0
github.com/myzkey/gh-repo-settings/cmd/export.go:87.35,92.28 2 0
github.com/myzkey/gh-repo-settings/cmd/export.go:92.28,98.4 1 0
github.com/myzkey/gh-repo-settings/cmd/export.go:102.2,102.26 1 0
github.com/myzkey/gh-repo-settings/cmd/export.go:102.26,104.37 2 0
github.com/myzkey/gh-repo-settings/cmd/export.go:104.37,108.4 1 0
github.com/myzkey/gh-repo-settings/cmd/export.go:110.3,111.34 2 0
github.com/myzkey/gh-repo-settings/cmd/export.go:111.34,115.4 1 0
github.com/myzkey/gh-repo-settings/cmd/export.go:119.2,120.16 2 0
github.com/myzkey/gh-repo-settings/cmd/export.go:120.16,127.48 2 0
github.com/myzkey/gh-repo-settings/cmd/export.go:127.48,129.18 2 0
github.com/myzkey/gh-repo-settings/cmd/export.go:129.18,135.5 1 0
github.com/myzkey/gh-repo-settings/cmd/export.go:139.3,140.17 2 0
github.com/myzkey/gh-repo-settings/cmd/export.go:140.17,143.4 2 0
github.com/myzkey/gh-repo-settings/cmd/export.go:147.2,147.21 1 0
github.com/myzkey/gh-repo-settings/cmd/export.go:147.21,149.3 1 0
github.com/myzkey/gh-repo-settings/cmd/export.go:151.2,151.24 1 0
github.com/myzkey/gh-repo-settings/cmd/export.go:151.24,153.3 1 0
github.com/myzkey/gh-repo-settings/cmd/export.go:156.2,157.16 2 0
github.com/myzkey/gh-repo-settings/cmd/export.go:157.16,159.3 1 0
github.com/myzkey/gh-repo-settings/cmd/export.go:160.2,161.12 2 0
github.com/myzkey/gh-repo-settings/cmd/export.go:164.62,165.48 1 0
github.com/myzkey/gh-repo-settings/cmd/export.go:165.48,167.3 1 0
github.com/myzkey/gh-repo-settings/cmd/export.go:170.2,170.21 1 0
github.com/myzkey/gh-repo-settings/cmd/export.go:170.21,171.114 1 0
github.com/myzkey/gh-repo-settings/cmd/export.go:171.114,173.4 1 0
github.com/myzkey/gh-repo-settings/cmd/export.go:177.2,177.25 1 0
github.com/myzkey/gh-repo-settings/cmd/export.go:177.25,178.120 1 0
github.com/myzkey/gh-repo-settings/cmd/export.go:178.120,180.4 1 0
github.com/myzkey/gh-repo-settings/cmd/export.go:184.2,184.52 1 0
github.com/myzkey/gh-repo-settings/cmd/export.go:184.52,185.120 1 0
github.com/myzkey/gh-repo-settings/cmd/export.go:185.120,187.4 1 0
github.com/myzkey/gh-repo-settings/cmd/export.go:191.2,191.57 1 0
github.com/myzkey/gh-repo-settings/cmd/export.go:191.57,192.123 1 0
github.com/myzkey/gh-repo-settings/cmd/export.go:192.123,194.4 1 0
github.com/myzkey/gh-repo-settings/cmd/export.go:198.2,198.49 1 0
github.com/myzkey/gh-repo-settings/cmd/export.go:198.49,199.111 1 0
github.com/myzkey/gh-repo-settings/cmd/export.go:199.111,201.4 1 0
github.com/myzkey/gh-repo-settings/cmd/export.go:205.2,205.24 1 0
github.com/myzkey/gh-repo-settings/cmd/export.go:205.24,206.123 1 0
github.com/myzkey/gh-repo-settings/cmd/export.go:206.123,208.4 1 0
github.com/myzkey/gh-repo-settings/cmd/export.go:211.2,212.12 2 0
github.com/myzkey/gh-repo-settings/cmd/export.go:215.64,216.49 1 0
github.com/myzkey/gh-repo-settings/cmd/export.go:216.49,218.3 1 0
github.com/myzkey/gh-repo-settings/cmd/export.go:219.2,220.12 2 0
github.com/myzkey/gh-repo-settings/cmd/export.go:223.57,225.16 2 0
github.com/myzkey/gh-repo-settings/cmd/export.go:225.16,227.3 1 0
github.com/myzkey/gh-repo-settings/cmd/export.go:228.2,228.44 1 0
github.com/myzkey/gh-repo-settings/cmd/init.go:23.13,26.2 2 0
github.com/myzkey/gh-repo-settings/cmd/init.go:28.55,39.33 5 0
github.com/myzkey/gh-repo-settings/cmd/init.go:39.33,41.3 1 0
github.com/myzkey/gh-repo-settings/cmd/init.go:43.2,43.19 1 0
github.com/myzkey/gh-repo-settings/cmd/init.go:43.19,49.32 3 0
github.com/myzkey/gh-repo-settings/cmd/init.go:49.32,51.4 1 0
github.com/myzkey/gh-repo-settings/cmd/init.go:52.3,52.24 1 0
github.com/myzkey/gh-repo-settings/cmd/init.go:52.24,54.4 1 0
github.com/myzkey/gh-repo-settings/cmd/init.go:56.3,61.31 2 0
github.com/myzkey/gh-repo-settings/cmd/init.go:61.31,63.4 1 0
github.com/myzkey/gh-repo-settings/cmd/init.go:64.3,71.33 3 0
github.com/myzkey/gh-repo-settings/cmd/init.go:71.33,73.4 1 0
github.com/myzkey/gh-repo-settings/cmd/init.go:75.3,86.33 8 0
github.com/myzkey/gh-repo-settings/cmd/init.go:86.33,88.4 1 0
github.com/myzkey/gh-repo-settings/cmd/init.go:89.3,95.32 3 0
github.com/myzkey/gh-repo-settings/cmd/init.go:95.32,97.4 1 0
github.com/myzkey/gh-repo-settings/cmd/init.go:98.3,98.44 1 0
github.com/myzkey/gh-repo-settings/cmd/init.go:102.2,106.35 2 0
github.com/myzkey/gh-repo-settings/cmd/init.go:106.35,108.3 1 0
github.com/myzkey/gh-repo-settings/cmd/init.go:110.2,110.21 1 0
github.com/myzkey/gh-repo-settings/cmd/init.go:110.21,114.27 2 0
github.com/myzkey/gh-repo-settings/cmd/init.go:114.27,116.4 1 0
github.com/myzkey/gh-repo-settings/cmd/init.go:117.3,117.19 1 0
github.com/myzkey/gh-repo-settings/cmd/init.go:117.19,119.4 1 0
github.com/myzkey/gh-repo-settings/cmd/init.go:123.2,127.35 2 0
github.com/myzkey/gh-repo-settings/cmd/init.go:127.35,129.3 1 0
github.com/myzkey/gh-repo-settings/cmd/init.go:131.2,131.21 1 0
github.com/myzkey/gh-repo-settings/cmd/init.go:131.21,137.32 2 0
github.com/myzkey/gh-repo-settings/cmd/init.go:137.32,139.4 1 0
github.com/myzkey/gh-repo-settings/cmd/init.go:141.3,141.22 1 0
github.com/myzkey/gh-repo-settings/cmd/init.go:142.19,152.5 1 0
github.com/myzkey/gh-repo-settings/cmd/init.go:153.19,161.5 1 0
github.com/myzkey/gh-repo-settings/cmd/init.go:164.3,164.24 1 0
github.com/myzkey/gh-repo-settings/cmd/init.go:164.24,169.36 2 0
github.com/myzkey/gh-repo-settings/cmd/init.go:169.36,171.5 1 0
github.com/myzkey/gh-repo-settings/cmd/init.go:172.4,172.46 1 0
github.com/myzkey/gh-repo-settings/cmd/init.go:177.2,181.35 2 0
github.com/myzkey/gh-repo-settings/cmd/init.go:181.35,183.3 1 0
github.com/myzkey/gh-repo-settings/cmd/init.go:185.2,185.21 1 0
github.com/myzkey/gh-repo-settings/cmd/init.go:185.21,194.36 4 0
github.com/myzkey/gh-repo-settings/cmd/init.go:194.36,196.4 1 0
github.com/myzkey/gh-repo-settings/cmd/init.go:197.3,197.26 1 0
github.com/myzkey/gh-repo-settings/cmd/init.go:197.26,199.4 1 0
github.com/myzkey/gh-repo-settings/cmd/init.go:201.3,205.33 2 0
github.com/myzkey/gh-repo-settings/cmd/init.go:205.33,207.4 1 0
github.com/myzkey/gh-repo-settings/cmd/init.go:208.3,214.34 3 0
github.com/myzkey/gh-repo-settings/cmd/init.go:214.34,216.4 1 0
github.com/myzkey/gh-repo-settings/cmd/init.go:217.3,219.38 2 0
github.com/myzkey/gh-repo-settings/cmd/init.go:223.2,224.22 2 0
github.com/myzkey/gh-repo-settings/cmd/init.go:224.22,233.33 2 0
github.com/myzkey/gh-repo-settings/cmd/init.go:233.33,235.4 1 0
github.com/myzkey/gh-repo-settings/cmd/init.go:237.3,237.65 1 0
github.com/myzkey/gh-repo-settings/cmd/init.go:237.65,239.4 1 0
github.com/myzkey/gh-repo-settings/cmd/init.go:239.9,241.4 1 0
github.com/myzkey/gh-repo-settings/cmd/init.go:245.2,245.76 1 0
github.com/myzkey/gh-repo-settings/cmd/init.go:245.76,247.3 1 0
github.com/myzkey/gh-repo-settings/cmd/init.go:248.2,248.43 1 0
github.com/myzkey/gh-repo-settings/cmd/init.go:251.63,253.48 2 0
github.com/myzkey/gh-repo-settings/cmd/init.go:253.48,255.3 1 0
github.com/myzkey/gh-repo-settings/cmd/init.go:257.2,258.16 2 0
github.com/myzkey/gh-repo-settings/cmd/init.go:258.16,260.3 1 0
github.com/myzkey/gh-repo-settings/cmd/init.go:262.2,262.56 1 0
github.com/myzkey/gh-repo-settings/cmd/init.go:262.56,264.3 1 0
github.com/myzkey/gh-repo-settings/cmd/init.go:266.2,267.12 2 0
github.com/myzkey/gh-repo-settings/cmd/init.go:270.67,271.48 1 0
github.com/myzkey/gh-repo-settings/cmd/init.go:271.48,273.3 1 0
github.com/myzkey/gh-repo-settings/cmd/init.go:275.2,275.21 1 0
github.com/myzkey/gh-repo-settings/cmd/init.go:275.21,277.17 2 0
github.com/myzkey/gh-repo-settings/cmd/init.go:277.17,279.4 1 0
github.com/myzkey/gh-repo-settings/cmd/init.go:280.3,280.84 1 0
github.com/myzkey/gh-repo-settings/cmd/init.go:280.84,282.4 1 0
github.com/myzkey/gh-repo-settings/cmd/init.go:285.2,285.25 1 0
github.com/myzkey/gh-repo-settings/cmd/init.go:285.25,287.17 2 0
github.com/myzkey/gh-repo-settings/cmd/init.go:287.17,289.4 1 0
github.com/myzkey/gh-repo-settings/cmd/init.go:290.3,290.86 1 0
github.com/myzkey/gh-repo-settings/cmd/init.go:290.86,292.4 1 0
github.com/myzkey/gh-repo-settings/cmd/init.go:295.2,295.23 1 0
github.com/myzkey/gh-repo-settings/cmd/init.go:295.23,297.17 2 0
github.com/myzkey/gh-repo-settings/cmd/init.go:297.17,299.4 1 0
github.com/myzkey/gh-repo-settings/cmd/init.go:300.3,300.86 1 0
github.com/myzkey/gh-repo-settings/cmd/init.go:300.86,302.4 1 0
github.com/myzkey/gh-repo-settings/cmd/init.go:305.2,305.33 1 0
github.com/myzkey/gh-repo-settings/cmd/init.go:305.33,307.17 2 0
github.com/myzkey/gh-repo-settings/cmd/init.go:307.17,309.4 1 0
github.com/myzkey/gh-repo-settings/cmd/init.go:310.3,310.97 1 0
github.com/myzkey/gh-repo-settings/cmd/init.go:310.97,312.4 1 0
github.com/myzkey/gh-repo-settings/cmd/init.go:315.2,316.12 2 0
github.com/myzkey/gh-repo-settings/cmd/init.go:319.49,320.26 1 0
github.com/myzkey/gh-repo-settings/cmd/init.go:320.26,321.16 1 0
github.com/myzkey/gh-repo-settings/cmd/init.go:321.16,323.4 1 0
github.com/myzkey/gh-repo-settings/cmd/init.go:325.2,325.14 1 0
github.com/myzkey/gh-repo-settings/cmd/init.go:328.38,330.43 2 0
github.com/myzkey/gh-repo-settings/cmd/init.go:330.43,332.20 2 0
github.com/myzkey/gh-repo-settings/cmd/init.go:332.20,334.4 1 0
github.com/myzkey/gh-repo-settings/cmd/init.go:336.2,336.15 1 0
github.com/myzkey/gh-repo-settings/cmd/init.go:339.42,342.30 3 0
github.com/myzkey/gh-repo-settings/cmd/init.go:342.30,343.53 1 0
github.com/myzkey/gh-repo-settings/cmd/init.go:343.53,347.4 3 0
github.com/myzkey/gh-repo-settings/cmd/init.go:349.2,350.15 2 0
github.com/myzkey/gh-repo-settings/cmd/init.go:353.34,356.59 3 0
github.com/myzkey/gh-repo-settings/cmd/init.go:356.59,358.3 1 0
github.com/myzkey/gh-repo-settings/cmd/init.go:359.2,359.59 1 0
github.com/myzkey/gh-repo-settings/cmd/init.go:359.59,361.3 1 0
github.com/myzkey/gh-repo-settings/cmd/init.go:362.2,362.21 1 0
github.com/myzkey/gh-repo-settings/cmd/plan.go:32.13,38.2 5 0
github.com/myzkey/gh-repo-settings/cmd/plan.go:40.55,48.12 5 0
github.com/myzkey/gh-repo-settings/cmd/plan.go:48.12,52.3 3 0
github.com/myzkey/gh-repo-settings/cmd/plan.go:54.2,58.16 4 0
github.com/myzkey/gh-repo-settings/cmd/plan.go:58.16,60.3 1 0
github.com/myzkey/gh-repo-settings/cmd/plan.go:62.2,68.16 3 0
github.com/myzkey/gh-repo-settings/cmd/plan.go:68.16,70.3 1 0
github.com/myzkey/gh-repo-settings/cmd/plan.go:72.2,81.16 5 0
github.com/myzkey/gh-repo-settings/cmd/plan.go:81.16,83.3 1 0
github.com/myzkey/gh-repo-settings/cmd/plan.go:85.2,85.24 1 0
github.com/myzkey/gh-repo-settings/cmd/plan.go:85.24,88.3 2 0
github.com/myzkey/gh-repo-settings/cmd/plan.go:90.2,93.60 2 0
github.com/myzkey/gh-repo-settings/cmd/plan.go:93.60,95.3 1 0
github.com/myzkey/gh-repo-settings/cmd/plan.go:97.2,97.12 1 0
github.com/myzkey/gh-repo-settings/cmd/plan.go:100.33,113.38 10 0
github.com/myzkey/gh-repo-settings/cmd/plan.go:113.38,114.41 1 0
github.com/myzkey/gh-repo-settings/cmd/plan.go:114.41,115.29 1 0
github.com/myzkey/gh-repo-settings/cmd/plan.go:115.29,117.5 1 0
github.com/myzkey/gh-repo-settings/cmd/plan.go:118.4,119.37 2 0
github.com/myzkey/gh-repo-settings/cmd/plan.go:122.3,122.22 1 0
github.com/myzkey/gh-repo-settings/cmd/plan.go:123.23,125.25 2 0
github.com/myzkey/gh-repo-settings/cmd/plan.go:125.25,127.5 1 0
github.com/myzkey/gh-repo-settings/cmd/plan.go:128.4,128.10 1 0
github.com/myzkey/gh-repo-settings/cmd/plan.go:129.26,132.13 3 0
github.com/myzkey/gh-repo-settings/cmd/plan.go:133.26,135.25 2 0
github.com/myzkey/gh-repo-settings/cmd/plan.go:135.25,137.5 1 0
github.com/myzkey/gh-repo-settings/cmd/plan.go:138.4,138.13 1 0
github.com/myzkey/gh-repo-settings/cmd/plan.go:139.27,141.25 2 0
github.com/myzkey/gh-repo-settings/cmd/plan.go:141.25,143.5 1 0
github.com/myzkey/gh-repo-settings/cmd/plan.go:144.4,144.13 1 0
github.com/myzkey/gh-repo-settings/cmd/plan.go:148.2,154.17 3 0
github.com/myzkey/gh-repo-settings/cmd/plan.go:154.17,156.3 1 0
github.com/myzkey/gh-repo-settings/cmd/plan.go:157.2,160.17 3 0
github.com/myzkey/gh-repo-settings/cmd/plan.go:160.17,163.3 2 0
github.com/myzkey/gh-repo-settings/cmd/plan.go:165.2,167.17 2 0
github.com/myzkey/gh-repo-settings/cmd/plan.go:167.17,169.3 1 0
github.com/myzkey/gh-repo-settings/cmd/root.go:21.60,23.12 1 0
github.com/myzkey/gh-repo-settings/cmd/root.go:23.12,25.4 1 0
github.com/myzkey/gh-repo-settings/cmd/root.go:25.9,25.21 1 0
github.com/myzkey/gh-repo-settings/cmd/root.go:25.21,27.4 1 0
github.com/myzkey/gh-repo-settings/cmd/root.go:27.9,29.4 1 0
github.com/myzkey/gh-repo-settings/cmd/root.go:33.16,37.16 4 0
github.com/myzkey/gh-repo-settings/cmd/root.go:37.16,40.3 2 0
github.com/myzkey/gh-repo-settings/cmd/root.go:43.13,47.2 3 0
github.com/myzkey/gh-repo-settings/internal/logger/logger.go:31.31,37.2 1 0
github.com/myzkey/gh-repo-settings/internal/logger/logger.go:40.40,42.2 1 0
github.com/myzkey/gh-repo-settings/internal/logger/logger.go:45.41,47.2 1 0
github.com/myzkey/gh-repo-settings/internal/logger/logger.go:50.46,52.2 1 0
github.com/myzkey/gh-repo-settings/internal/logger/logger.go:55.60,56.29 1 0
github.com/myzkey/gh-repo-settings/internal/logger/logger.go:56.29,59.3 2 0
github.com/myzkey/gh-repo-settings/internal/logger/logger.go:63.59,64.28 1 0
github.com/myzkey/gh-repo-settings/internal/logger/logger.go:64.28,66.3 1 0
github.com/myzkey/gh-repo-settings/internal/logger/logger.go:70.62,71.28 1 0
github.com/myzkey/gh-repo-settings/internal/logger/logger.go:71.28,74.3 2 0
github.com/myzkey/gh-repo-settings/internal/logger/logger.go:78.59,79.28 1 0
github.com/myzkey/gh-repo-settings/internal/logger/logger.go:79.28,82.3 2 0
github.com/myzkey/gh-repo-settings/internal/logger/logger.go:86.60,89.2 2 0
github.com/myzkey/gh-repo-settings/internal/logger/logger.go:92.60,93.28 1 0
github.com/myzkey/gh-repo-settings/internal/logger/logger.go:93.28,95.3 1 0
github.com/myzkey/gh-repo-settings/internal/logger/logger.go:99.47,100.28 1 0
github.com/myzkey/gh-repo-settings/internal/logger/logger.go:100.28,102.3 1 0
github.com/myzkey/gh-repo-settings/internal/logger/logger.go:106.63,107.28 1 0
github.com/myzkey/gh-repo-settings/internal/logger/logger.go:107.28,109.3 1 0
github.com/myzkey/gh-repo-settings/internal/logger/logger.go:113.33,114.28 1 0
github.com/myzkey/gh-repo-settings/internal/logger/logger.go:114.28,117.3 2 0
github.com/myzkey/gh-repo-settings/internal/logger/logger.go:121.33,122.28 1 0
github.com/myzkey/gh-repo-settings/internal/logger/logger.go:122.28,125.3 2 0
github.com/myzkey/gh-repo-settings/internal/logger/logger.go:131.35,133.2 1 0
github.com/myzkey/gh-repo-settings/internal/logger/logger.go:136.24,138.2 1 0
github.com/myzkey/gh-repo-settings/internal/logger/logger.go:141.48,143.2 1 0
github.com/myzkey/gh-repo-settings/internal/logger/logger.go:146.47,148.2 1 0
github.com/myzkey/gh-repo-settings/internal/logger/logger.go:151.50,153.2 1 0
github.com/myzkey/gh-repo-settings/internal/logger/logger.go:156.47,158.2 1 0
github.com/myzkey/gh-repo-settings/internal/logger/logger.go:161.48,163.2 1 0
github.com/myzkey/gh-repo-settings/internal/errors/errors.go:29.38,30.18 1 0
github.com/myzkey/gh-repo-settings/internal/errors/errors.go:30.18,32.3 1 0
github.com/myzkey/gh-repo-settings/internal/errors/errors.go:33.2,33.51 1 0
github.com/myzkey/gh-repo-settings/internal/errors/errors.go:36.38,38.2 1 0
github.com/myzkey/gh-repo-settings/internal/errors/errors.go:41.67,47.2 1 0
github.com/myzkey/gh-repo-settings/internal/errors/errors.go:58.35,59.22 1 0
github.com/myzkey/gh-repo-settings/internal/errors/errors.go:59.22,61.3 1 0
github.com/myzkey/gh-repo-settings/internal/errors/errors.go:62.2,62.77 1 0
github.com/myzkey/gh-repo-settings/internal/errors/errors.go:65.35,67.2 1 0
github.com/myzkey/gh-repo-settings/internal/errors/errors.go:70.96,78.2 1 0
github.com/myzkey/gh-repo-settings/internal/errors/errors.go:86.42,88.2 1 0
github.com/myzkey/gh-repo-settings/internal/errors/errors.go:91.65,96.2 1 0
github.com/myzkey/gh-repo-settings/internal/errors/errors.go:99.33,101.2 1 0
github.com/myzkey/gh-repo-settings/internal/errors/errors.go:104.45,106.2 1 0
github.com/myzkey/gh-repo-settings/internal/github/client.go:26.49,28.2 1 0
github.com/myzkey/gh-repo-settings/internal/github/client.go:31.81,35.19 3 0
github.com/myzkey/gh-repo-settings/internal/github/client.go:35.19,37.3 1 0
github.com/myzkey/gh-repo-settings/internal/github/client.go:37.8,39.3 1 0
github.com/myzkey/gh-repo-settings/internal/github/client.go:41.2,41.16 1 0
github.com/myzkey/gh-repo-settings/internal/github/client.go:41.16,43.3 1 0
github.com/myzkey/gh-repo-settings/internal/github/client.go:45.2,45.33 1 0
github.com/myzkey/gh-repo-settings/internal/github/client.go:48.49,50.21 2 1
github.com/myzkey/gh-repo-settings/internal/github/client.go:50.21,52.3 1 1
github.com/myzkey/gh-repo-settings/internal/github/client.go:53.2,53.55 1 1
github.com/myzkey/gh-repo-settings/internal/github/client.go:56.60,59.16 3 0
github.com/myzkey/gh-repo-settings/internal/github/client.go:59.16,61.3 1 0
github.com/myzkey/gh-repo-settings/internal/github/client.go:63.2,70.53 2 0
github.com/myzkey/gh-repo-settings/internal/github/client.go:70.53,72.3 1 0
github.com/myzkey/gh-repo-settings/internal/github/client.go:74.2,74.68 1 0
github.com/myzkey/gh-repo-settings/internal/github/client.go:78.37,80.2 1 1
github.com/myzkey/gh-repo-settings/internal/github/client.go:83.36,85.2 1 1
github.com/myzkey/gh-repo-settings/internal/github/client.go:88.94,94.16 5 0
github.com/myzkey/gh-repo-settings/internal/github/client.go:94.16,95.47 1 0
github.com/myzkey/gh-repo-settings/internal/github/client.go:95.47,97.4 1 0
github.com/myzkey/gh-repo-settings/internal/github/client.go:98.3,98.71 1 0
github.com/myzkey/gh-repo-settings/internal/github/client.go:100.2,100.17 1 0
github.com/myzkey/gh-repo-settings/internal/github/client.go:104.117,112.16 7 0
github.com/myzkey/gh-repo-settings/internal/github/client.go:112.16,113.47 1 0
github.com/myzkey/gh-repo-settings/internal/github/client.go:113.47,115.4 1 0
github.com/myzkey/gh-repo-settings/internal/github/client.go:116.3,116.71 1 0
github.com/myzkey/gh-repo-settings/internal/github/client.go:118.2,118.17 1 0
github.com/myzkey/gh-repo-settings/internal/github/client.go:122.66,125.16 3 0
github.com/myzkey/gh-repo-settings/internal/github/client.go:125.16,127.3 1 0
github.com/myzkey/gh-repo-settings/internal/github/client.go:129.2,130.51 2 0
github.com/myzkey/gh-repo-settings/internal/github/client.go:130.51,132.3 1 0
github.com/myzkey/gh-repo-settings/internal/github/client.go:134.2,134.19 1 0
github.com/myzkey/gh-repo-settings/internal/github/client.go:138.89,141.16 3 0
github.com/myzkey/gh-repo-settings/internal/github/client.go:141.16,143.3 1 0
github.com/myzkey/gh-repo-settings/internal/github/client.go:145.2,146.16 2 0
github.com/myzkey/gh-repo-settings/internal/github/client.go:146.16,149.30 2 0
github.com/myzkey/gh-repo-settings/internal/github/client.go:149.30,150.27 1 0
github.com/myzkey/gh-repo-settings/internal/github/client.go:151.16,152.60 1 0
github.com/myzkey/gh-repo-settings/internal/github/client.go:153.14,154.60 1 0
github.com/myzkey/gh-repo-settings/internal/github/client.go:157.3,159.17 3 0
github.com/myzkey/gh-repo-settings/internal/github/client.go:159.17,161.4 1 0
github.com/myzkey/gh-repo-settings/internal/github/client.go:164.2,164.12 1 0
github.com/myzkey/gh-repo-settings/internal/github/client.go:168.70,171.16 3 0
github.com/myzkey/gh-repo-settings/internal/github/client.go:171.16,173.3 1 0
github.com/myzkey/gh-repo-settings/internal/github/client.go:175.2,176.53 2 0
github.com/myzkey/gh-repo-settings/internal/github/client.go:176.53,178.3 1 0
github.com/myzkey/gh-repo-settings/internal/github/client.go:180.2,180.20 1 0
github.com/myzkey/gh-repo-settings/internal/github/client.go:184.90,191.23 3 0
github.com/myzkey/gh-repo-settings/internal/github/client.go:191.23,193.3 1 0
github.com/myzkey/gh-repo-settings/internal/github/client.go:195.2,196.12 2 0
github.com/myzkey/gh-repo-settings/internal/github/client.go:200.102,207.23 3 0
github.com/myzkey/gh-repo-settings/internal/github/client.go:207.23,209.3 1 0
github.com/myzkey/gh-repo-settings/internal/github/client.go:211.2,212.12 2 0
github.com/myzkey/gh-repo-settings/internal/github/client.go:216.70,220.2 3 0
github.com/myzkey/gh-repo-settings/internal/github/client.go:223.72,235.2 5 0
github.com/myzkey/gh-repo-settings/internal/github/client.go:238.68,241.16 3 0
github.com/myzkey/gh-repo-settings/internal/github/client.go:241.16,243.3 1 0
github.com/myzkey/gh-repo-settings/internal/github/client.go:245.2,251.53 2 0
github.com/myzkey/gh-repo-settings/internal/github/client.go:251.53,253.3 1 0
github.com/myzkey/gh-repo-settings/internal/github/client.go:255.2,256.35 2 0
github.com/myzkey/gh-repo-settings/internal/github/client.go:256.35,258.3 1 0
github.com/myzkey/gh-repo-settings/internal/github/client.go:260.2,260.19 1 0
github.com/myzkey/gh-repo-settings/internal/github/client.go:264.70,267.16 3 0
github.com/myzkey/gh-repo-settings/internal/github/client.go:267.16,269.3 1 0
github.com/myzkey/gh-repo-settings/internal/github/client.go:271.2,277.53 2 0
github.com/myzkey/gh-repo-settings/internal/github/client.go:277.53,279.3 1 0
github.com/myzkey/gh-repo-settings/internal/github/client.go:281.2,282.37 2 0
github.com/myzkey/gh-repo-settings/internal/github/client.go:282.37,284.3 1 0
github.com/myzkey/gh-repo-settings/internal/github/client.go:286.2,286.19 1 0
github.com/myzkey/gh-repo-settings/internal/github/client.go:290.105,293.16 3 0
github.com/myzkey/gh-repo-settings/internal/github/client.go:293.16,295.76 1 0
github.com/myzkey/gh-repo-settings/internal/github/client.go:295.76,297.4 1 0
github.com/myzkey/gh-repo-settings/internal/github/client.go:298.3,298.18 1 0
github.com/myzkey/gh-repo-settings/internal/github/client.go:301.2,302.51 2 0
github.com/myzkey/gh-repo-settings/internal/github/client.go:302.51,304.3 1 0
github.com/myzkey/gh-repo-settings/internal/github/client.go:306.2,306.19 1 0
github.com/myzkey/gh-repo-settings/internal/github/client.go:310.119,323.119 3 0
github.com/myzkey/gh-repo-settings/internal/github/client.go:323.119,325.38 2 0
github.com/myzkey/gh-repo-settings/internal/github/client.go:325.38,327.4 1 0
github.com/myzkey/gh-repo-settings/internal/github/client.go:328.3,328.42 1 0
github.com/myzkey/gh-repo-settings/internal/github/client.go:328.42,330.4 1 0
github.com/myzkey/gh-repo-settings/internal/github/client.go:331.3,331.46 1 0
github.com/myzkey/gh-repo-settings/internal/github/client.go:331.46,333.4 1 0
github.com/myzkey/gh-repo-settings/internal/github/client.go:334.3,334.53 1 0
github.com/myzkey/gh-repo-settings/internal/github/client.go:335.8,337.3 1 0
github.com/myzkey/gh-repo-settings/internal/github/client.go:340.2,340.74 1 0
github.com/myzkey/gh-repo-settings/internal/github/client.go:340.74,344.37 2 0
github.com/myzkey/gh-repo-settings/internal/github/client.go:344.37,346.4 1 0
github.com/myzkey/gh-repo-settings/internal/github/client.go:346.9,348.4 1 0
github.com/myzkey/gh-repo-settings/internal/github/client.go:349.3,349.45 1 0
github.com/myzkey/gh-repo-settings/internal/github/client.go:350.8,352.3 1 0
github.com/myzkey/gh-repo-settings/internal/github/client.go:354.2,355.16 2 0
github.com/myzkey/gh-repo-settings/internal/github/client.go:355.16,357.3 1 0
github.com/myzkey/gh-repo-settings/internal/github/client.go:359.2,360.12 2 0
github.com/myzkey/gh-repo-settings/internal/github/client.go:364.94,367.16 3 0
github.com/myzkey/gh-repo-settings/internal/github/client.go:367.16,369.3 1 0
github.com/myzkey/gh-repo-settings/internal/github/client.go:371.2,372.51 2 0
github.com/myzkey/gh-repo-settings/internal/github/client.go:372.51,374.3 1 0
github.com/myzkey/gh-repo-settings/internal/github/client.go:376.2,376.19 1 0
github.com/myzkey/gh-repo-settings/internal/github/client.go:380.107,386.37 3 0
github.com/myzkey/gh-repo-settings/internal/github/client.go:386.37,388.3 1 0
github.com/myzkey/gh-repo-settings/internal/github/client.go:390.2,391.16 2 0
github.com/myzkey/gh-repo-settings/internal/github/client.go:391.16,393.3 1 0
github.com/myzkey/gh-repo-settings/internal/github/client.go:395.2,396.12 2 0
github.com/myzkey/gh-repo-settings/internal/github/client.go:400.95,403.16 3 0
github.com/myzkey/gh-repo-settings/internal/github/client.go:403.16,405.3 1 0
github.com/myzkey/gh-repo-settings/internal/github/client.go:407.2,408.51 2 0
github.com/myzkey/gh-repo-settings/internal/github/client.go:408.51,410.3 1 0
github.com/myzkey/gh-repo-settings/internal/github/client.go:412.2,412.19 1 0
github.com/myzkey/gh-repo-settings/internal/github/client.go:416.105,420.16 3 0
github.com/myzkey/gh-repo-settings/internal/github/client.go:420.16,422.3 1 0
github.com/myzkey/gh-repo-settings/internal/github/client.go:424.2,425.12 2 0
github.com/myzkey/gh-repo-settings/internal/github/client.go:429.110,432.16 3 0
github.com/myzkey/gh-repo-settings/internal/github/client.go:432.16,434.3 1 0
github.com/myzkey/gh-repo-settings/internal/github/client.go:436.2,437.51 2 0
github.com/myzkey/gh-repo-settings/internal/github/client.go:437.51,439.3 1 0
github.com/myzkey/gh-repo-settings/internal/github/client.go:441.2,441.19 1 0
github.com/myzkey/gh-repo-settings/internal/github/client.go:445.115,454.16 4 0
github.com/myzkey/gh-repo-settings/internal/github/client.go:454.16,456.3 1 0
github.com/myzkey/gh-repo-settings/internal/github/client.go:458.2,459.12 2 0
github.com/myzkey/gh-repo-settings/internal/github/mock.go:85.34,95.2 1 1
github.com/myzkey/gh-repo-settings/internal/github/mock.go:98.41,100.2 1 1
github.com/myzkey/gh-repo-settings/internal/github/mock.go:103.40,105.2 1 1
github.com/myzkey/gh-repo-settings/internal/github/mock.go:108.70,109.27 1 0
github.com/myzkey/gh-repo-settings/internal/github/mock.go:109.27,111.3 1 0
github.com/myzkey/gh-repo-settings/internal/github/mock.go:112.2,112.24 1 0
github.com/myzkey/gh-repo-settings/internal/github/mock.go:116.93,117.30 1 0
github.com/myzkey/gh-repo-settings/internal/github/mock.go:117.30,119.3 1 0
github.com/myzkey/gh-repo-settings/internal/github/mock.go:120.2,121.12 2 0
github.com/myzkey/gh-repo-settings/internal/github/mock.go:125.76,126.29 1 0
github.com/myzkey/gh-repo-settings/internal/github/mock.go:126.29,128.3 1 0
github.com/myzkey/gh-repo-settings/internal/github/mock.go:129.2,130.12 2 0
github.com/myzkey/gh-repo-settings/internal/github/mock.go:134.74,135.29 1 0
github.com/myzkey/gh-repo-settings/internal/github/mock.go:135.29,137.3 1 0
github.com/myzkey/gh-repo-settings/internal/github/mock.go:138.2,138.22 1 0
github.com/myzkey/gh-repo-settings/internal/github/mock.go:142.94,143.31 1 0
github.com/myzkey/gh-repo-settings/internal/github/mock.go:143.31,145.3 1 0
github.com/myzkey/gh-repo-settings/internal/github/mock.go:146.2,151.12 2 0
github.com/myzkey/gh-repo-settings/internal/github/mock.go:155.106,156.31 1 0
github.com/myzkey/gh-repo-settings/internal/github/mock.go:156.31,158.3 1 0
github.com/myzkey/gh-repo-settings/internal/github/mock.go:159.2,165.12 2 0
github.com/myzkey/gh-repo-settings/internal/github/mock.go:169.74,170.31 1 0
github.com/myzkey/gh-repo-settings/internal/github/mock.go:170.31,172.3 1 0
github.com/myzkey/gh-repo-settings/internal/github/mock.go:173.2,174.12 2 0
github.com/myzkey/gh-repo-settings/internal/github/mock.go:178.109,179.39 1 0
github.com/myzkey/gh-repo-settings/internal/github/mock.go:179.39,181.3 1 0
github.com/myzkey/gh-repo-settings/internal/github/mock.go:182.2,182.47 1 0
github.com/myzkey/gh-repo-settings/internal/github/mock.go:182.47,184.3 1 0
github.com/myzkey/gh-repo-settings/internal/github/mock.go:185.2,185.17 1 0
github.com/myzkey/gh-repo-settings/internal/github/mock.go:189.123,190.42 1 0
github.com/myzkey/gh-repo-settings/internal/github/mock.go:190.42,192.3 1 0
github.com/myzkey/gh-repo-settings/internal/github/mock.go:193.2,197.12 2 0
github.com/myzkey/gh-repo-settings/internal/github/mock.go:201.72,202.30 1 0
github.com/myzkey/gh-repo-settings/internal/github/mock.go:202.30,204.3 1 0
github.com/myzkey/gh-repo-settings/internal/github/mock.go:205.2,205.23 1 0
github.com/myzkey/gh-repo-settings/internal/github/mock.go:209.74,210.32 1 0
github.com/myzkey/gh-repo-settings/internal/github/mock.go:210.32,212.3 1 0
github.com/myzkey/gh-repo-settings/internal/github/mock.go:213.2,213.25 1 0
github.com/myzkey/gh-repo-settings/internal/github/mock.go:217.98,218.41 1 0
github.com/myzkey/gh-repo-settings/internal/github/mock.go:218.41,220.3 1 0
github.com/myzkey/gh-repo-settings/internal/github/mock.go:221.2,221.33 1 0
github.com/myzkey/gh-repo-settings/internal/github/mock.go:221.33,223.3 1 0
github.com/myzkey/gh-repo-settings/internal/github/mock.go:224.2,224.34 1 0
github.com/myzkey/gh-repo-settings/internal/github/mock.go:228.111,229.44 1 0
github.com/myzkey/gh-repo-settings/internal/github/mock.go:229.44,231.3 1 0
github.com/myzkey/gh-repo-settings/internal/github/mock.go:232.2,236.12 2 0
github.com/myzkey/gh-repo-settings/internal/github/mock.go:240.99,241.45 1 0
github.com/myzkey/gh-repo-settings/internal/github/mock.go:241.45,243.3 1 0
github.com/myzkey/gh-repo-settings/internal/github/mock.go:244.2,244.30 1 0
github.com/myzkey/gh-repo-settings/internal/github/mock.go:244.30,246.3 1 0
github.com/myzkey/gh-repo-settings/internal/github/mock.go:247.2,247.31 1 0
github.com/myzkey/gh-repo-settings/internal/github/mock.go:251.109,252.48 1 0
github.com/myzkey/gh-repo-settings/internal/github/mock.go:252.48,254.3 1 0
github.com/myzkey/gh-repo-settings/internal/github/mock.go:255.2,256.12 2 0
github.com/myzkey/gh-repo-settings/internal/github/mock.go:260.114,261.49 1 0
github.com/myzkey/gh-repo-settings/internal/github/mock.go:261.49,263.3 1 0
github.com/myzkey/gh-repo-settings/internal/github/mock.go:264.2,264.35 1 0
github.com/myzkey/gh-repo-settings/internal/github/mock.go:264.35,266.3 1 0
github.com/myzkey/gh-repo-settings/internal/github/mock.go:267.2,267.36 1 0
github.com/myzkey/gh-repo-settings/internal/github/mock.go:271.119,272.46 1 0
github.com/myzkey/gh-repo-settings/internal/github/mock.go:272.46,274.3 1 0
github.com/myzkey/gh-repo-settings/internal/github/mock.go:275.2,279.12 2 0
github.com/myzkey/gh-repo-settings/internal/diff/diff.go:32.37,33.11 1 1
github.com/myzkey/gh-repo-settings/internal/diff/diff.go:34.17,35.15 1 1
github.com/myzkey/gh-repo-settings/internal/diff/diff.go:36.20,37.18 1 1
github.com/myzkey/gh-repo-settings/internal/diff/diff.go:38.20,39.18 1 1
github.com/myzkey/gh-repo-settings/internal/diff/diff.go:40.21,41.19 1 1
github.com/myzkey/gh-repo-settings/internal/diff/diff.go:42.10,43.19 1 1
github.com/myzkey/gh-repo-settings/internal/diff/diff.go:53.34,55.2 1 1
github.com/myzkey/gh-repo-settings/internal/diff/diff.go:58.41,59.30 1 1
github.com/myzkey/gh-repo-settings/internal/diff/diff.go:59.30,60.57 1 1
github.com/myzkey/gh-repo-settings/internal/diff/diff.go:60.57,62.4 1 1
github.com/myzkey/gh-repo-settings/internal/diff/diff.go:64.2,64.14 1 1
github.com/myzkey/gh-repo-settings/internal/diff/diff.go:68.43,69.30 1 0
github.com/myzkey/gh-repo-settings/internal/diff/diff.go:69.30,70.53 1 0
github.com/myzkey/gh-repo-settings/internal/diff/diff.go:70.53,72.4 1 0
github.com/myzkey/gh-repo-settings/internal/diff/diff.go:74.2,74.14 1 0
github.com/myzkey/gh-repo-settings/internal/diff/diff.go:84.80,89.2 1 1
github.com/myzkey/gh-repo-settings/internal/diff/diff.go:98.68,100.2 1 1
github.com/myzkey/gh-repo-settings/internal/diff/diff.go:103.102,107.26 2 1
github.com/myzkey/gh-repo-settings/internal/diff/diff.go:107.26,109.17 2 1
github.com/myzkey/gh-repo-settings/internal/diff/diff.go:109.17,111.4 1 0
github.com/myzkey/gh-repo-settings/internal/diff/diff.go:112.3,112.50 1 1
github.com/myzkey/gh-repo-settings/internal/diff/diff.go:116.2,116.28 1 1
github.com/myzkey/gh-repo-settings/internal/diff/diff.go:116.28,118.17 2 0
github.com/myzkey/gh-repo-settings/internal/diff/diff.go:118.17,120.4 1 0
github.com/myzkey/gh-repo-settings/internal/diff/diff.go:121.3,121.50 1 0
github.com/myzkey/gh-repo-settings/internal/diff/diff.go:125.2,125.28 1 1
github.com/myzkey/gh-repo-settings/internal/diff/diff.go:125.28,127.17 2 1
github.com/myzkey/gh-repo-settings/internal/diff/diff.go:127.17,129.4 1 0
github.com/myzkey/gh-repo-settings/internal/diff/diff.go:130.3,130.50 1 1
github.com/myzkey/gh-repo-settings/internal/diff/diff.go:134.2,134.38 1 1
github.com/myzkey/gh-repo-settings/internal/diff/diff.go:134.38,136.17 2 1
github.com/myzkey/gh-repo-settings/internal/diff/diff.go:136.17,138.4 1 0
github.com/myzkey/gh-repo-settings/internal/diff/diff.go:139.3,139.50 1 1
github.com/myzkey/gh-repo-settings/internal/diff/diff.go:143.2,143.50 1 1
github.com/myzkey/gh-repo-settings/internal/diff/diff.go:143.50,145.17 2 1
github.com/myzkey/gh-repo-settings/internal/diff/diff.go:145.17,147.4 1 0
github.com/myzkey/gh-repo-settings/internal/diff/diff.go:148.3,148.50 1 1
github.com/myzkey/gh-repo-settings/internal/diff/diff.go:152.2,152.42 1 1
github.com/myzkey/gh-repo-settings/internal/diff/diff.go:152.42,154.17 2 1
github.com/myzkey/gh-repo-settings/internal/diff/diff.go:154.17,156.4 1 0
github.com/myzkey/gh-repo-settings/internal/diff/diff.go:157.3,157.50 1 1
github.com/myzkey/gh-repo-settings/internal/diff/diff.go:161.2,161.29 1 1
github.com/myzkey/gh-repo-settings/internal/diff/diff.go:161.29,163.17 2 1
github.com/myzkey/gh-repo-settings/internal/diff/diff.go:163.17,165.4 1 0
github.com/myzkey/gh-repo-settings/internal/diff/diff.go:166.3,166.50 1 1
github.com/myzkey/gh-repo-settings/internal/diff/diff.go:169.2,169.18 1 1
github.com/myzkey/gh-repo-settings/internal/diff/diff.go:172.73,174.16 2 1
github.com/myzkey/gh-repo-settings/internal/diff/diff.go:174.16,176.3 1 0
github.com/myzkey/gh-repo-settings/internal/diff/diff.go:178.2,181.79 3 1
github.com/myzkey/gh-repo-settings/internal/diff/diff.go:181.79,189.3 1 1
github.com/myzkey/gh-repo-settings/internal/diff/diff.go:191.2,191.70 1 1
github.com/myzkey/gh-repo-settings/internal/diff/diff.go:191.70,199.3 1 0
github.com/myzkey/gh-repo-settings/internal/diff/diff.go:201.2,201.68 1 1
github.com/myzkey/gh-repo-settings/internal/diff/diff.go:201.68,209.3 1 1
github.com/myzkey/gh-repo-settings/internal/diff/diff.go:211.2,211.86 1 1
github.com/myzkey/gh-repo-settings/internal/diff/diff.go:211.86,219.3 1 1
github.com/myzkey/gh-repo-settings/internal/diff/diff.go:221.2,221.86 1 1
github.com/myzkey/gh-repo-settings/internal/diff/diff.go:221.86,229.3 1 0
github.com/myzkey/gh-repo-settings/internal/diff/diff.go:231.2,231.86 1 1
github.com/myzkey/gh-repo-settings/internal/diff/diff.go:231.86,239.3 1 1
github.com/myzkey/gh-repo-settings/internal/diff/diff.go:241.2,241.95 1 1
github.com/myzkey/gh-repo-settings/internal/diff/diff.go:241.95,249.3 1 0
github.com/myzkey/gh-repo-settings/internal/diff/diff.go:251.2,251.89 1 1
github.com/myzkey/gh-repo-settings/internal/diff/diff.go:251.89,259.3 1 0
github.com/myzkey/gh-repo-settings/internal/diff/diff.go:261.2,261.21 1 1
github.com/myzkey/gh-repo-settings/internal/diff/diff.go:264.75,266.16 2 0
github.com/myzkey/gh-repo-settings/internal/diff/diff.go:266.16,268.3 1 0
github.com/myzkey/gh-repo-settings/internal/diff/diff.go:270.2,270.57 1 0
github.com/myzkey/gh-repo-settings/internal/diff/diff.go:270.57,278.3 1 0
github.com/myzkey/gh-repo-settings/internal/diff/diff.go:280.2,280.17 1 0
github.com/myzkey/gh-repo-settings/internal/diff/diff.go:283.75,285.16 2 1
github.com/myzkey/gh-repo-settings/internal/diff/diff.go:285.16,287.3 1 0
github.com/myzkey/gh-repo-settings/internal/diff/diff.go:289.2,291.34 3 1
github.com/myzkey/gh-repo-settings/internal/diff/diff.go:291.34,293.3 1 1
github.com/myzkey/gh-repo-settings/internal/diff/diff.go:295.2,296.42 2 1
github.com/myzkey/gh-repo-settings/internal/diff/diff.go:296.42,298.3 1 1
github.com/myzkey/gh-repo-settings/internal/diff/diff.go:301.2,301.49 1 1
github.com/myzkey/gh-repo-settings/internal/diff/diff.go:301.49,302.59 1 1
github.com/myzkey/gh-repo-settings/internal/diff/diff.go:302.59,304.86 1 1
github.com/myzkey/gh-repo-settings/internal/diff/diff.go:304.86,312.5 1 1
github.com/myzkey/gh-repo-settings/internal/diff/diff.go:313.9,321.4 1 1
github.com/myzkey/gh-repo-settings/internal/diff/diff.go:325.2,325.36 1 1
github.com/myzkey/gh-repo-settings/internal/diff/diff.go:325.36,326.46 1 1
github.com/myzkey/gh-repo-settings/internal/diff/diff.go:326.46,327.58 1 1
github.com/myzkey/gh-repo-settings/internal/diff/diff.go:327.58,334.5 1 1
github.com/myzkey/gh-repo-settings/internal/diff/diff.go:338.2,338.21 1 1
github.com/myzkey/gh-repo-settings/internal/diff/diff.go:341.85,344.58 2 1
github.com/myzkey/gh-repo-settings/internal/diff/diff.go:344.58,346.17 2 1
github.com/myzkey/gh-repo-settings/internal/diff/diff.go:346.17,347.58 1 1
github.com/myzkey/gh-repo-settings/internal/diff/diff.go:347.58,355.13 2 1
github.com/myzkey/gh-repo-settings/internal/diff/diff.go:357.4,357.19 1 0
github.com/myzkey/gh-repo-settings/internal/diff/diff.go:361.3,362.46 2 1
github.com/myzkey/gh-repo-settings/internal/diff/diff.go:365.2,365.21 1 1
github.com/myzkey/gh-repo-settings/internal/diff/diff.go:368.114,373.36 3 1
github.com/myzkey/gh-repo-settings/internal/diff/diff.go:373.36,375.48 2 1
github.com/myzkey/gh-repo-settings/internal/diff/diff.go:375.48,377.4 1 1
github.com/myzkey/gh-repo-settings/internal/diff/diff.go:378.3,378.49 1 1
github.com/myzkey/gh-repo-settings/internal/diff/diff.go:378.49,386.4 1 1
github.com/myzkey/gh-repo-settings/internal/diff/diff.go:390.2,390.40 1 1
github.com/myzkey/gh-repo-settings/internal/diff/diff.go:390.40,392.48 2 0
github.com/myzkey/gh-repo-settings/internal/diff/diff.go:392.48,394.4 1 0
github.com/myzkey/gh-repo-settings/internal/diff/diff.go:395.3,395.49 1 0
github.com/myzkey/gh-repo-settings/internal/diff/diff.go:395.49,403.4 1 0
github.com/myzkey/gh-repo-settings/internal/diff/diff.go:407.2,407.37 1 1
github.com/myzkey/gh-repo-settings/internal/diff/diff.go:407.37,409.48 2 0
github.com/myzkey/gh-repo-settings/internal/diff/diff.go:409.48,411.4 1 0
github.com/myzkey/gh-repo-settings/internal/diff/diff.go:412.3,412.46 1 0
github.com/myzkey/gh-repo-settings/internal/diff/diff.go:412.46,420.4 1 0
github.com/myzkey/gh-repo-settings/internal/diff/diff.go:424.2,424.39 1 1
github.com/myzkey/gh-repo-settings/internal/diff/diff.go:424.39,426.42 2 0
github.com/myzkey/gh-repo-settings/internal/diff/diff.go:426.42,428.4 1 0
github.com/myzkey/gh-repo-settings/internal/diff/diff.go:429.3,429.48 1 0
github.com/myzkey/gh-repo-settings/internal/diff/diff.go:429.48,437.4 1 0
github.com/myzkey/gh-repo-settings/internal/diff/diff.go:441.2,441.33 1 1
github.com/myzkey/gh-repo-settings/internal/diff/diff.go:441.33,443.42 2 0
github.com/myzkey/gh-repo-settings/internal/diff/diff.go:443.42,445.4 1 0
github.com/myzkey/gh-repo-settings/internal/diff/diff.go:446.3,446.62 1 0
github.com/myzkey/gh-repo-settings/internal/diff/diff.go:446.62,454.4 1 0
github.com/myzkey/gh-repo-settings/internal/diff/diff.go:458.2,458.34 1 1
github.com/myzkey/gh-repo-settings/internal/diff/diff.go:458.34,460.35 2 0
github.com/myzkey/gh-repo-settings/internal/diff/diff.go:460.35,462.4 1 0
github.com/myzkey/gh-repo-settings/internal/diff/diff.go:463.3,463.43 1 0
github.com/myzkey/gh-repo-settings/internal/diff/diff.go:463.43,471.4 1 0
github.com/myzkey/gh-repo-settings/internal/diff/diff.go:475.2,475.41 1 1
github.com/myzkey/gh-repo-settings/internal/diff/diff.go:475.41,477.43 2 0
github.com/myzkey/gh-repo-settings/internal/diff/diff.go:477.43,479.4 1 0
github.com/myzkey/gh-repo-settings/internal/diff/diff.go:480.3,480.50 1 0
github.com/myzkey/gh-repo-settings/internal/diff/diff.go:480.50,488.4 1 0
github.com/myzkey/gh-repo-settings/internal/diff/diff.go:492.2,492.37 1 1
github.com/myzkey/gh-repo-settings/internal/diff/diff.go:492.37,494.38 2 0
github.com/myzkey/gh-repo-settings/internal/diff/diff.go:494.38,496.4 1 0
github.com/myzkey/gh-repo-settings/internal/diff/diff.go:497.3,497.46 1 0
github.com/myzkey/gh-repo-settings/internal/diff/diff.go:497.46,505.4 1 0
github.com/myzkey/gh-repo-settings/internal/diff/diff.go:509.2,509.35 1 1
github.com/myzkey/gh-repo-settings/internal/diff/diff.go:509.35,511.36 2 0
github.com/myzkey/gh-repo-settings/internal/diff/diff.go:511.36,513.4 1 0
github.com/myzkey/gh-repo-settings/internal/diff/diff.go:514.3,514.44 1 0
github.com/myzkey/gh-repo-settings/internal/diff/diff.go:514.44,522.4 1 0
github.com/myzkey/gh-repo-settings/internal/diff/diff.go:526.2,526.41 1 1
github.com/myzkey/gh-repo-settings/internal/diff/diff.go:526.41,528.40 2 0
github.com/myzkey/gh-repo-settings/internal/diff/diff.go:528.40,530.4 1 0
github.com/myzkey/gh-repo-settings/internal/diff/diff.go:531.3,531.50 1 0
github.com/myzkey/gh-repo-settings/internal/diff/diff.go:531.50,539.4 1 0
github.com/myzkey/gh-repo-settings/internal/diff/diff.go:542.2,542.16 1 1
github.com/myzkey/gh-repo-settings/internal/diff/diff.go:545.55,547.33 2 1
github.com/myzkey/gh-repo-settings/internal/diff/diff.go:547.33,549.3 1 1
github.com/myzkey/gh-repo-settings/internal/diff/diff.go:550.2,550.66 1 1
github.com/myzkey/gh-repo-settings/internal/diff/diff.go:550.66,552.3 1 0
github.com/myzkey/gh-repo-settings/internal/diff/diff.go:553.2,553.60 1 1
github.com/myzkey/gh-repo-settings/internal/diff/diff.go:553.60,555.3 1 0
github.com/myzkey/gh-repo-settings/internal/diff/diff.go:556.2,556.64 1 1
github.com/myzkey/gh-repo-settings/internal/diff/diff.go:556.64,558.3 1 0
github.com/myzkey/gh-repo-settings/internal/diff/diff.go:559.2,559.32 1 1
github.com/myzkey/gh-repo-settings/internal/diff/diff.go:559.32,561.3 1 0
github.com/myzkey/gh-repo-settings/internal/diff/diff.go:562.2,562.54 1 1
github.com/myzkey/gh-repo-settings/internal/diff/diff.go:562.54,564.3 1 0
github.com/myzkey/gh-repo-settings/internal/diff/diff.go:565.2,565.68 1 1
github.com/myzkey/gh-repo-settings/internal/diff/diff.go:565.68,567.3 1 0
github.com/myzkey/gh-repo-settings/internal/diff/diff.go:568.2,568.68 1 1
github.com/myzkey/gh-repo-settings/internal/diff/diff.go:568.68,570.3 1 0
github.com/myzkey/gh-repo-settings/internal/diff/diff.go:571.2,571.60 1 1
github.com/myzkey/gh-repo-settings/internal/diff/diff.go:571.60,573.3 1 0
github.com/myzkey/gh-repo-settings/internal/diff/diff.go:574.2,574.56 1 1
github.com/myzkey/gh-repo-settings/internal/diff/diff.go:574.56,576.3 1 0
github.com/myzkey/gh-repo-settings/internal/diff/diff.go:577.2,577.21 1 1
github.com/myzkey/gh-repo-settings/internal/diff/diff.go:577.21,579.3 1 0
github.com/myzkey/gh-repo-settings/internal/diff/diff.go:580.2,580.46 1 1
github.com/myzkey/gh-repo-settings/internal/diff/diff.go:583.39,585.26 2 1
github.com/myzkey/gh-repo-settings/internal/diff/diff.go:585.26,586.12 1 1
github.com/myzkey/gh-repo-settings/internal/diff/diff.go:586.12,588.4 1 0
github.com/myzkey/gh-repo-settings/internal/diff/diff.go:589.3,589.14 1 1
github.com/myzkey/gh-repo-settings/internal/diff/diff.go:591.2,591.15 1 1
github.com/myzkey/gh-repo-settings/internal/diff/diff.go:594.74,595.68 1 1
github.com/myzkey/gh-repo-settings/internal/diff/diff.go:595.68,597.3 1 0
github.com/myzkey/gh-repo-settings/internal/diff/diff.go:599.2,600.16 2 1
github.com/myzkey/gh-repo-settings/internal/diff/diff.go:600.16,602.3 1 0
github.com/myzkey/gh-repo-settings/internal/diff/diff.go:604.2,605.35 2 1
github.com/myzkey/gh-repo-settings/internal/diff/diff.go:605.35,607.3 1 1
github.com/myzkey/gh-repo-settings/internal/diff/diff.go:609.2,610.53 2 1
github.com/myzkey/gh-repo-settings/internal/diff/diff.go:610.53,611.27 1 1
github.com/myzkey/gh-repo-settings/internal/diff/diff.go:611.27,618.4 1 1
github.com/myzkey/gh-repo-settings/internal/diff/diff.go:621.2,621.21 1 1
github.com/myzkey/gh-repo-settings/internal/diff/diff.go:624.76,625.60 1 1
github.com/myzkey/gh-repo-settings/internal/diff/diff.go:625.60,627.3 1 0
github.com/myzkey/gh-repo-settings/internal/diff/diff.go:629.2,630.16 2 1
github.com/myzkey/gh-repo-settings/internal/diff/diff.go:630.16,632.3 1 0
github.com/myzkey/gh-repo-settings/internal/diff/diff.go:634.2,635.32 2 1
github.com/myzkey/gh-repo-settings/internal/diff/diff.go:635.32,637.3 1 1
github.com/myzkey/gh-repo-settings/internal/diff/diff.go:639.2,640.49 2 1
github.com/myzkey/gh-repo-settings/internal/diff/diff.go:640.49,641.24 1 1
github.com/myzkey/gh-repo-settings/internal/diff/diff.go:641.24,648.4 1 1
github.com/myzkey/gh-repo-settings/internal/diff/diff.go:651.2,651.21 1 1
github.com/myzkey/gh-repo-settings/internal/diff/diff.go:654.34,655.26 1 1
github.com/myzkey/gh-repo-settings/internal/diff/diff.go:655.26,657.3 1 0
github.com/myzkey/gh-repo-settings/internal/diff/diff.go:658.2,658.26 1 1
github.com/myzkey/gh-repo-settings/internal/diff/diff.go:658.26,660.3 1 0
github.com/myzkey/gh-repo-settings/internal/diff/diff.go:661.2,661.17 1 1
github.com/myzkey/gh-repo-settings/internal/diff/diff.go:664.31,665.14 1 1
github.com/myzkey/gh-repo-settings/internal/diff/diff.go:665.14,667.3 1 0
github.com/myzkey/gh-repo-settings/internal/diff/diff.go:668.2,668.11 1 1
github.com/myzkey/gh-repo-settings/internal/diff/diff.go:671.76,677.16 4 1
github.com/myzkey/gh-repo-settings/internal/diff/diff.go:677.16,679.3 1 0
github.com/myzkey/gh-repo-settings/internal/diff/diff.go:682.2,682.64 1 1
github.com/myzkey/gh-repo-settings/internal/diff/diff.go:682.64,690.3 1 1
github.com/myzkey/gh-repo-settings/internal/diff/diff.go:693.2,693.85 1 1
github.com/myzkey/gh-repo-settings/internal/diff/diff.go:693.85,701.3 1 1
github.com/myzkey/gh-repo-settings/internal/diff/diff.go:704.2,704.32 1 1
github.com/myzkey/gh-repo-settings/internal/diff/diff.go:704.32,706.17 2 1
github.com/myzkey/gh-repo-settings/internal/diff/diff.go:706.17,709.4 1 0
github.com/myzkey/gh-repo-settings/internal/diff/diff.go:711.3,711.133 1 1
github.com/myzkey/gh-repo-settings/internal/diff/diff.go:711.133,719.4 1 1
github.com/myzkey/gh-repo-settings/internal/diff/diff.go:721.3,721.124 1 1
github.com/myzkey/gh-repo-settings/internal/diff/diff.go:721.124,729.4 1 1
github.com/myzkey/gh-repo-settings/internal/diff/diff.go:731.3,731.143 1 1
github.com/myzkey/gh-repo-settings/internal/diff/diff.go:731.143,739.4 1 0
github.com/myzkey/gh-repo-settings/internal/diff/diff.go:743.2,744.16 2 1
github.com/myzkey/gh-repo-settings/internal/diff/diff.go:744.16,746.3 1 0
github.com/myzkey/gh-repo-settings/internal/diff/diff.go:748.2,748.124 1 1
github.com/myzkey/gh-repo-settings/internal/diff/diff.go:748.124,756.3 1 1
github.com/myzkey/gh-repo-settings/internal/diff/diff.go:758.2,758.130 1 1
github.com/myzkey/gh-repo-settings/internal/diff/diff.go:758.130,766.3 1 1
github.com/myzkey/gh-repo-settings/internal/diff/diff.go:768.2,768.21 1 1
github.com/myzkey/gh-repo-settings/internal/config/extends.go:16.96,17.30 1 1
github.com/myzkey/gh-repo-settings/internal/config/extends.go:17.30,19.3 1 1
github.com/myzkey/gh-repo-settings/internal/config/extends.go:22.2,25.43 2 1
github.com/myzkey/gh-repo-settings/internal/config/extends.go:25.43,28.29 2 1
github.com/myzkey/gh-repo-settings/internal/config/extends.go:28.29,30.4 1 1
github.com/myzkey/gh-repo-settings/internal/config/extends.go:31.3,35.17 3 1
github.com/myzkey/gh-repo-settings/internal/config/extends.go:35.17,37.4 1 1
github.com/myzkey/gh-repo-settings/internal/config/extends.go:40.3,40.33 1 1
github.com/myzkey/gh-repo-settings/internal/config/extends.go:40.33,42.18 2 1
github.com/myzkey/gh-repo-settings/internal/config/extends.go:42.18,44.5 1 1
github.com/myzkey/gh-repo-settings/internal/config/extends.go:48.3,48.34 1 1
github.com/myzkey/gh-repo-settings/internal/config/extends.go:52.2,56.20 4 1
github.com/myzkey/gh-repo-settings/internal/config/extends.go:60.48,61.16 1 1
github.com/myzkey/gh-repo-settings/internal/config/extends.go:61.16,63.3 1 1
github.com/myzkey/gh-repo-settings/internal/config/extends.go:64.2,64.25 1 1
github.com/myzkey/gh-repo-settings/internal/config/extends.go:64.25,66.3 1 1
github.com/myzkey/gh-repo-settings/internal/config/extends.go:67.2,67.37 1 1
github.com/myzkey/gh-repo-settings/internal/config/extends.go:71.27,73.2 1 1
github.com/myzkey/gh-repo-settings/internal/config/extends.go:76.72,77.16 1 1
github.com/myzkey/gh-repo-settings/internal/config/extends.go:77.16,80.3 2 1
github.com/myzkey/gh-repo-settings/internal/config/extends.go:83.2,84.25 2 1
github.com/myzkey/gh-repo-settings/internal/config/extends.go:84.25,86.3 1 1
github.com/myzkey/gh-repo-settings/internal/config/extends.go:86.8,88.3 1 1
github.com/myzkey/gh-repo-settings/internal/config/extends.go:90.2,91.44 2 1
github.com/myzkey/gh-repo-settings/internal/config/extends.go:95.47,101.16 3 1
github.com/myzkey/gh-repo-settings/internal/config/extends.go:101.16,103.3 1 0
github.com/myzkey/gh-repo-settings/internal/config/extends.go:104.2,104.15 1 1
github.com/myzkey/gh-repo-settings/internal/config/extends.go:104.15,104.40 1 1
github.com/myzkey/gh-repo-settings/internal/config/extends.go:106.2,106.38 1 1
github.com/myzkey/gh-repo-settings/internal/config/extends.go:106.38,108.3 1 1
github.com/myzkey/gh-repo-settings/internal/config/extends.go:110.2,111.16 2 1
github.com/myzkey/gh-repo-settings/internal/config/extends.go:111.16,113.3 1 0
github.com/myzkey/gh-repo-settings/internal/config/extends.go:115.2,118.48 4 1
github.com/myzkey/gh-repo-settings/internal/config/extends.go:118.48,119.20 1 1
github.com/myzkey/gh-repo-settings/internal/config/extends.go:119.20,121.4 1 1
github.com/myzkey/gh-repo-settings/internal/config/extends.go:122.3,122.73 1 1
github.com/myzkey/gh-repo-settings/internal/config/extends.go:125.2,125.21 1 1
github.com/myzkey/gh-repo-settings/internal/config/loader.go:26.46,32.9 4 1
github.com/myzkey/gh-repo-settings/internal/config/loader.go:33.22,35.22 2 1
github.com/myzkey/gh-repo-settings/internal/config/loader.go:36.25,38.39 2 1
github.com/myzkey/gh-repo-settings/internal/config/loader.go:39.10,40.75 1 1
github.com/myzkey/gh-repo-settings/internal/config/loader.go:40.75,43.4 2 1
github.com/myzkey/gh-repo-settings/internal/config/loader.go:43.9,43.70 1 1
github.com/myzkey/gh-repo-settings/internal/config/loader.go:43.70,46.4 2 1
github.com/myzkey/gh-repo-settings/internal/config/loader.go:46.9,48.4 1 1
github.com/myzkey/gh-repo-settings/internal/config/loader.go:51.2,51.16 1 1
github.com/myzkey/gh-repo-settings/internal/config/loader.go:51.16,53.3 1 1
github.com/myzkey/gh-repo-settings/internal/config/loader.go:56.2,56.29 1 1
github.com/myzkey/gh-repo-settings/internal/config/loader.go:56.29,59.17 3 1
github.com/myzkey/gh-repo-settings/internal/config/loader.go:59.17,61.4 1 0
github.com/myzkey/gh-repo-settings/internal/config/loader.go:64.2,64.20 1 1
github.com/myzkey/gh-repo-settings/internal/config/loader.go:68.43,70.16 2 1
github.com/myzkey/gh-repo-settings/internal/config/loader.go:70.16,72.3 1 0
github.com/myzkey/gh-repo-settings/internal/config/loader.go:73.2,73.26 1 1
github.com/myzkey/gh-repo-settings/internal/config/loader.go:76.55,78.16 2 1
github.com/myzkey/gh-repo-settings/internal/config/loader.go:78.16,80.3 1 1
github.com/myzkey/gh-repo-settings/internal/config/loader.go:82.2,85.48 4 1
github.com/myzkey/gh-repo-settings/internal/config/loader.go:85.48,86.20 1 1
github.com/myzkey/gh-repo-settings/internal/config/loader.go:86.20,89.4 1 1
github.com/myzkey/gh-repo-settings/internal/config/loader.go:90.3,90.78 1 1
github.com/myzkey/gh-repo-settings/internal/config/loader.go:93.2,93.21 1 1
github.com/myzkey/gh-repo-settings/internal/config/loader.go:96.57,98.16 2 1
github.com/myzkey/gh-repo-settings/internal/config/loader.go:98.16,100.3 1 0
github.com/myzkey/gh-repo-settings/internal/config/loader.go:102.2,104.32 2 1
github.com/myzkey/gh-repo-settings/internal/config/loader.go:104.32,105.20 1 1
github.com/myzkey/gh-repo-settings/internal/config/loader.go:105.20,106.12 1 0
github.com/myzkey/gh-repo-settings/internal/config/loader.go:109.3,110.76 2 1
github.com/myzkey/gh-repo-settings/internal/config/loader.go:110.76,111.12 1 1
github.com/myzkey/gh-repo-settings/internal/config/loader.go:114.3,116.17 3 1
github.com/myzkey/gh-repo-settings/internal/config/loader.go:116.17,118.4 1 0
github.com/myzkey/gh-repo-settings/internal/config/loader.go:120.3,122.19 2 1
github.com/myzkey/gh-repo-settings/internal/config/loader.go:123.15,127.80 2 1
github.com/myzkey/gh-repo-settings/internal/config/loader.go:127.80,129.5 1 1
github.com/myzkey/gh-repo-settings/internal/config/loader.go:129.10,131.55 2 1
github.com/myzkey/gh-repo-settings/internal/config/loader.go:131.55,133.6 1 1
github.com/myzkey/gh-repo-settings/internal/config/loader.go:135.17,139.82 2 1
github.com/myzkey/gh-repo-settings/internal/config/loader.go:139.82,141.5 1 1
github.com/myzkey/gh-repo-settings/internal/config/loader.go:141.10,143.57 2 0
github.com/myzkey/gh-repo-settings/internal/config/loader.go:143.57,145.6 1 0
github.com/myzkey/gh-repo-settings/internal/config/loader.go:147.17,151.82 2 1
github.com/myzkey/gh-repo-settings/internal/config/loader.go:151.82,153.5 1 1
github.com/myzkey/gh-repo-settings/internal/config/loader.go:153.10,155.57 2 0
github.com/myzkey/gh-repo-settings/internal/config/loader.go:155.57,157.6 1 0
github.com/myzkey/gh-repo-settings/internal/config/loader.go:159.49,163.92 2 1
github.com/myzkey/gh-repo-settings/internal/config/loader.go:163.92,165.5 1 1
github.com/myzkey/gh-repo-settings/internal/config/loader.go:165.10,167.53 2 0
github.com/myzkey/gh-repo-settings/internal/config/loader.go:167.53,169.6 1 0
github.com/myzkey/gh-repo-settings/internal/config/loader.go:171.18,175.83 2 0
github.com/myzkey/gh-repo-settings/internal/config/loader.go:175.83,177.5 1 0
github.com/myzkey/gh-repo-settings/internal/config/loader.go:177.10,179.58 2 0
github.com/myzkey/gh-repo-settings/internal/config/loader.go:179.58,181.6 1 0
github.com/myzkey/gh-repo-settings/internal/config/loader.go:183.14,187.79 2 0
github.com/myzkey/gh-repo-settings/internal/config/loader.go:187.79,189.5 1 0
github.com/myzkey/gh-repo-settings/internal/config/loader.go:189.10,191.54 2 0
github.com/myzkey/gh-repo-settings/internal/config/loader.go:191.54,193.6 1 0
github.com/myzkey/gh-repo-settings/internal/config/loader.go:195.18,199.83 2 1
github.com/myzkey/gh-repo-settings/internal/config/loader.go:199.83,201.5 1 1
github.com/myzkey/gh-repo-settings/internal/config/loader.go:201.10,203.58 2 0
github.com/myzkey/gh-repo-settings/internal/config/loader.go:203.58,205.6 1 0
github.com/myzkey/gh-repo-settings/internal/config/loader.go:207.11,208.137 1 1
github.com/myzkey/gh-repo-settings/internal/config/loader.go:212.2,212.20 1 1
github.com/myzkey/gh-repo-settings/internal/config/merge.go:4.37,5.21 1 1
github.com/myzkey/gh-repo-settings/internal/config/merge.go:5.21,6.22 1 1
github.com/myzkey/gh-repo-settings/internal/config/merge.go:6.22,8.4 1 1
github.com/myzkey/gh-repo-settings/internal/config/merge.go:9.3,9.38 1 1
github.com/myzkey/gh-repo-settings/internal/config/merge.go:12.2,12.25 1 1
github.com/myzkey/gh-repo-settings/internal/config/merge.go:12.25,14.3 1 1
github.com/myzkey/gh-repo-settings/internal/config/merge.go:16.2,16.23 1 1
github.com/myzkey/gh-repo-settings/internal/config/merge.go:16.23,17.24 1 1
github.com/myzkey/gh-repo-settings/internal/config/merge.go:17.24,19.4 1 1
github.com/myzkey/gh-repo-settings/internal/config/merge.go:20.3,20.44 1 1
github.com/myzkey/gh-repo-settings/internal/config/merge.go:23.2,23.33 1 1
github.com/myzkey/gh-repo-settings/internal/config/merge.go:23.33,24.34 1 1
github.com/myzkey/gh-repo-settings/internal/config/merge.go:24.34,26.4 1 1
github.com/myzkey/gh-repo-settings/internal/config/merge.go:27.3,27.42 1 1
github.com/myzkey/gh-repo-settings/internal/config/merge.go:27.42,28.38 1 1
github.com/myzkey/gh-repo-settings/internal/config/merge.go:28.38,30.5 1 1
github.com/myzkey/gh-repo-settings/internal/config/merge.go:31.4,31.47 1 1
github.com/myzkey/gh-repo-settings/internal/config/merge.go:35.2,35.24 1 1
github.com/myzkey/gh-repo-settings/internal/config/merge.go:35.24,36.25 1 1
github.com/myzkey/gh-repo-settings/internal/config/merge.go:36.25,38.4 1 1
github.com/myzkey/gh-repo-settings/internal/config/merge.go:39.3,39.36 1 1
github.com/myzkey/gh-repo-settings/internal/config/merge.go:39.36,41.4 1 1
github.com/myzkey/gh-repo-settings/internal/config/merge.go:44.2,44.20 1 1
github.com/myzkey/gh-repo-settings/internal/config/merge.go:44.20,45.21 1 1
github.com/myzkey/gh-repo-settings/internal/config/merge.go:45.21,47.4 1 1
github.com/myzkey/gh-repo-settings/internal/config/merge.go:48.3,48.32 1 1
github.com/myzkey/gh-repo-settings/internal/config/merge.go:48.32,50.4 1 1
github.com/myzkey/gh-repo-settings/internal/config/merge.go:53.2,53.24 1 1
github.com/myzkey/gh-repo-settings/internal/config/merge.go:53.24,54.25 1 1
github.com/myzkey/gh-repo-settings/internal/config/merge.go:54.25,56.4 1 1
github.com/myzkey/gh-repo-settings/internal/config/merge.go:57.3,57.47 1 1
github.com/myzkey/gh-repo-settings/internal/config/merge.go:62.44,63.28 1 1
github.com/myzkey/gh-repo-settings/internal/config/merge.go:63.28,65.3 1 1
github.com/myzkey/gh-repo-settings/internal/config/merge.go:66.2,66.25 1 1
github.com/myzkey/gh-repo-settings/internal/config/merge.go:66.25,68.3 1 1
github.com/myzkey/gh-repo-settings/internal/config/merge.go:69.2,69.27 1 1
github.com/myzkey/gh-repo-settings/internal/config/merge.go:69.27,71.3 1 1
github.com/myzkey/gh-repo-settings/internal/config/merge.go:72.2,72.33 1 1
github.com/myzkey/gh-repo-settings/internal/config/merge.go:72.33,74.3 1 1
github.com/myzkey/gh-repo-settings/internal/config/merge.go:75.2,75.33 1 1
github.com/myzkey/gh-repo-settings/internal/config/merge.go:75.33,77.3 1 1
github.com/myzkey/gh-repo-settings/internal/config/merge.go:78.2,78.33 1 1
github.com/myzkey/gh-repo-settings/internal/config/merge.go:78.33,80.3 1 1
github.com/myzkey/gh-repo-settings/internal/config/merge.go:81.2,81.36 1 1
github.com/myzkey/gh-repo-settings/internal/config/merge.go:81.36,83.3 1 1
github.com/myzkey/gh-repo-settings/internal/config/merge.go:84.2,84.34 1 1
github.com/myzkey/gh-repo-settings/internal/config/merge.go:84.34,86.3 1 1
github.com/myzkey/gh-repo-settings/internal/config/merge.go:90.48,91.24 1 1
github.com/myzkey/gh-repo-settings/internal/config/merge.go:91.24,93.3 1 1
github.com/myzkey/gh-repo-settings/internal/config/merge.go:94.2,94.24 1 1
github.com/myzkey/gh-repo-settings/internal/config/merge.go:94.24,96.3 1 1
github.com/myzkey/gh-repo-settings/internal/config/merge.go:100.44,101.32 1 1
github.com/myzkey/gh-repo-settings/internal/config/merge.go:101.32,103.3 1 1
github.com/myzkey/gh-repo-settings/internal/config/merge.go:104.2,104.36 1 1
github.com/myzkey/gh-repo-settings/internal/config/merge.go:104.36,106.3 1 1
github.com/myzkey/gh-repo-settings/internal/config/merge.go:107.2,107.33 1 1
github.com/myzkey/gh-repo-settings/internal/config/merge.go:107.33,109.3 1 1
github.com/myzkey/gh-repo-settings/internal/config/merge.go:110.2,110.36 1 1
github.com/myzkey/gh-repo-settings/internal/config/merge.go:110.36,112.3 1 1
github.com/myzkey/gh-repo-settings/internal/config/merge.go:113.2,113.31 1 1
github.com/myzkey/gh-repo-settings/internal/config/merge.go:113.31,115.3 1 1
github.com/myzkey/gh-repo-settings/internal/config/merge.go:116.2,116.35 1 1
github.com/myzkey/gh-repo-settings/internal/config/merge.go:116.35,118.3 1 1
github.com/myzkey/gh-repo-settings/internal/config/merge.go:119.2,119.38 1 1
github.com/myzkey/gh-repo-settings/internal/config/merge.go:119.38,121.3 1 1
github.com/myzkey/gh-repo-settings/internal/config/merge.go:122.2,122.37 1 1
github.com/myzkey/gh-repo-settings/internal/config/merge.go:122.37,124.3 1 1
github.com/myzkey/gh-repo-settings/internal/config/merge.go:125.2,125.37 1 1
github.com/myzkey/gh-repo-settings/internal/config/merge.go:125.37,127.3 1 1
github.com/myzkey/gh-repo-settings/internal/config/merge.go:128.2,128.30 1 1
github.com/myzkey/gh-repo-settings/internal/config/merge.go:128.30,130.3 1 1
github.com/myzkey/gh-repo-settings/internal/config/merge.go:131.2,131.34 1 1
github.com/myzkey/gh-repo-settings/internal/config/merge.go:131.34,133.3 1 1
github.com/myzkey/gh-repo-settings/internal/config/merge.go:134.2,134.31 1 1
github.com/myzkey/gh-repo-settings/internal/config/merge.go:134.31,136.3 1 1
github.com/myzkey/gh-repo-settings/internal/config/merge.go:137.2,137.33 1 1
github.com/myzkey/gh-repo-settings/internal/config/merge.go:137.33,139.3 1 1
github.com/myzkey/gh-repo-settings/internal/config/merge.go:140.2,140.31 1 1
github.com/myzkey/gh-repo-settings/internal/config/merge.go:140.31,142.3 1 1
github.com/myzkey/gh-repo-settings/internal/config/merge.go:146.50,147.24 1 1
github.com/myzkey/gh-repo-settings/internal/config/merge.go:147.24,149.3 1 1
github.com/myzkey/gh-repo-settings/internal/config/merge.go:150.2,150.31 1 1
github.com/myzkey/gh-repo-settings/internal/config/merge.go:150.31,152.3 1 1
github.com/myzkey/gh-repo-settings/internal/config/merge.go:153.2,153.32 1 1
github.com/myzkey/gh-repo-settings/internal/config/merge.go:153.32,154.33 1 1
github.com/myzkey/gh-repo-settings/internal/config/merge.go:154.33,156.4 1 1
github.com/myzkey/gh-repo-settings/internal/config/merge.go:157.3,157.52 1 1
github.com/myzkey/gh-repo-settings/internal/config/merge.go:157.52,159.4 1 1
github.com/myzkey/gh-repo-settings/internal/config/merge.go:160.3,160.49 1 1
github.com/myzkey/gh-repo-settings/internal/config/merge.go:160.49,162.4 1 1
github.com/myzkey/gh-repo-settings/internal/config/merge.go:163.3,163.51 1 1
github.com/myzkey/gh-repo-settings/internal/config/merge.go:163.51,165.4 1 1
github.com/myzkey/gh-repo-settings/internal/config/merge.go:167.2,167.43 1 1
github.com/myzkey/gh-repo-settings/internal/config/merge.go:167.43,169.3 1 1
github.com/myzkey/gh-repo-settings/internal/config/merge.go:170.2,170.45 1 1
github.com/myzkey/gh-repo-settings/internal/config/merge.go:170.45,172.3 1 1
