mode: set
github.com/myzkey/gh-repo-settings/internal/diff/diff.go:32.37,33.11 1 1
github.com/myzkey/gh-repo-settings/internal/diff/diff.go:34.17,35.15 1 1
github.com/myzkey/gh-repo-settings/internal/diff/diff.go:36.20,37.18 1 1
github.com/myzkey/gh-repo-settings/internal/diff/diff.go:38.20,39.18 1 1
github.com/myzkey/gh-repo-settings/internal/diff/diff.go:40.21,41.19 1 1
github.com/myzkey/gh-repo-settings/internal/diff/diff.go:42.10,43.19 1 1
github.com/myzkey/gh-repo-settings/internal/diff/diff.go:53.34,55.2 1 1
github.com/myzkey/gh-repo-settings/internal/diff/diff.go:58.41,59.30 1 1
github.com/myzkey/gh-repo-settings/internal/diff/diff.go:59.30,60.57 1 1
github.com/myzkey/gh-repo-settings/internal/diff/diff.go:60.57,62.4 1 1
github.com/myzkey/gh-repo-settings/internal/diff/diff.go:64.2,64.14 1 1
github.com/myzkey/gh-repo-settings/internal/diff/diff.go:68.43,69.30 1 1
github.com/myzkey/gh-repo-settings/internal/diff/diff.go:69.30,70.53 1 1
github.com/myzkey/gh-repo-settings/internal/diff/diff.go:70.53,72.4 1 1
github.com/myzkey/gh-repo-settings/internal/diff/diff.go:74.2,74.14 1 1
github.com/myzkey/gh-repo-settings/internal/diff/diff.go:84.80,89.2 1 1
github.com/myzkey/gh-repo-settings/internal/diff/diff.go:98.68,100.2 1 1
github.com/myzkey/gh-repo-settings/internal/diff/diff.go:103.102,107.26 2 1
github.com/myzkey/gh-repo-settings/internal/diff/diff.go:107.26,109.17 2 1
github.com/myzkey/gh-repo-settings/internal/diff/diff.go:109.17,111.4 1 1
github.com/myzkey/gh-repo-settings/internal/diff/diff.go:112.3,112.50 1 1
github.com/myzkey/gh-repo-settings/internal/diff/diff.go:116.2,116.28 1 1
github.com/myzkey/gh-repo-settings/internal/diff/diff.go:116.28,118.17 2 1
github.com/myzkey/gh-repo-settings/internal/diff/diff.go:118.17,120.4 1 0
github.com/myzkey/gh-repo-settings/internal/diff/diff.go:121.3,121.50 1 1
github.com/myzkey/gh-repo-settings/internal/diff/diff.go:125.2,125.28 1 1
github.com/myzkey/gh-repo-settings/internal/diff/diff.go:125.28,127.17 2 1
github.com/myzkey/gh-repo-settings/internal/diff/diff.go:127.17,129.4 1 1
github.com/myzkey/gh-repo-settings/internal/diff/diff.go:130.3,130.50 1 1
github.com/myzkey/gh-repo-settings/internal/diff/diff.go:134.2,134.38 1 1
github.com/myzkey/gh-repo-settings/internal/diff/diff.go:134.38,136.17 2 1
github.com/myzkey/gh-repo-settings/internal/diff/diff.go:136.17,138.4 1 1
github.com/myzkey/gh-repo-settings/internal/diff/diff.go:139.3,139.50 1 1
github.com/myzkey/gh-repo-settings/internal/diff/diff.go:143.2,143.50 1 1
github.com/myzkey/gh-repo-settings/internal/diff/diff.go:143.50,145.17 2 1
github.com/myzkey/gh-repo-settings/internal/diff/diff.go:145.17,147.4 1 1
github.com/myzkey/gh-repo-settings/internal/diff/diff.go:148.3,148.50 1 1
github.com/myzkey/gh-repo-settings/internal/diff/diff.go:152.2,152.42 1 1
github.com/myzkey/gh-repo-settings/internal/diff/diff.go:152.42,154.17 2 1
github.com/myzkey/gh-repo-settings/internal/diff/diff.go:154.17,156.4 1 1
github.com/myzkey/gh-repo-settings/internal/diff/diff.go:157.3,157.50 1 1
github.com/myzkey/gh-repo-settings/internal/diff/diff.go:161.2,161.29 1 1
github.com/myzkey/gh-repo-settings/internal/diff/diff.go:161.29,163.17 2 1
github.com/myzkey/gh-repo-settings/internal/diff/diff.go:163.17,165.4 1 1
github.com/myzkey/gh-repo-settings/internal/diff/diff.go:166.3,166.50 1 1
github.com/myzkey/gh-repo-settings/internal/diff/diff.go:169.2,169.18 1 1
github.com/myzkey/gh-repo-settings/internal/diff/diff.go:172.73,174.16 2 1
github.com/myzkey/gh-repo-settings/internal/diff/diff.go:174.16,176.3 1 1
github.com/myzkey/gh-repo-settings/internal/diff/diff.go:178.2,181.79 3 1
github.com/myzkey/gh-repo-settings/internal/diff/diff.go:181.79,189.3 1 1
github.com/myzkey/gh-repo-settings/internal/diff/diff.go:191.2,191.70 1 1
github.com/myzkey/gh-repo-settings/internal/diff/diff.go:191.70,199.3 1 1
github.com/myzkey/gh-repo-settings/internal/diff/diff.go:201.2,201.68 1 1
github.com/myzkey/gh-repo-settings/internal/diff/diff.go:201.68,209.3 1 1
github.com/myzkey/gh-repo-settings/internal/diff/diff.go:211.2,211.86 1 1
github.com/myzkey/gh-repo-settings/internal/diff/diff.go:211.86,219.3 1 1
github.com/myzkey/gh-repo-settings/internal/diff/diff.go:221.2,221.86 1 1
github.com/myzkey/gh-repo-settings/internal/diff/diff.go:221.86,229.3 1 1
github.com/myzkey/gh-repo-settings/internal/diff/diff.go:231.2,231.86 1 1
github.com/myzkey/gh-repo-settings/internal/diff/diff.go:231.86,239.3 1 1
github.com/myzkey/gh-repo-settings/internal/diff/diff.go:241.2,241.95 1 1
github.com/myzkey/gh-repo-settings/internal/diff/diff.go:241.95,249.3 1 1
github.com/myzkey/gh-repo-settings/internal/diff/diff.go:251.2,251.89 1 1
github.com/myzkey/gh-repo-settings/internal/diff/diff.go:251.89,259.3 1 1
github.com/myzkey/gh-repo-settings/internal/diff/diff.go:261.2,261.21 1 1
github.com/myzkey/gh-repo-settings/internal/diff/diff.go:264.75,266.16 2 1
github.com/myzkey/gh-repo-settings/internal/diff/diff.go:266.16,268.3 1 0
github.com/myzkey/gh-repo-settings/internal/diff/diff.go:270.2,270.57 1 1
github.com/myzkey/gh-repo-settings/internal/diff/diff.go:270.57,278.3 1 1
github.com/myzkey/gh-repo-settings/internal/diff/diff.go:280.2,280.17 1 1
github.com/myzkey/gh-repo-settings/internal/diff/diff.go:283.75,285.16 2 1
github.com/myzkey/gh-repo-settings/internal/diff/diff.go:285.16,287.3 1 1
github.com/myzkey/gh-repo-settings/internal/diff/diff.go:289.2,291.34 3 1
github.com/myzkey/gh-repo-settings/internal/diff/diff.go:291.34,293.3 1 1
github.com/myzkey/gh-repo-settings/internal/diff/diff.go:295.2,296.42 2 1
github.com/myzkey/gh-repo-settings/internal/diff/diff.go:296.42,298.3 1 1
github.com/myzkey/gh-repo-settings/internal/diff/diff.go:301.2,301.49 1 1
github.com/myzkey/gh-repo-settings/internal/diff/diff.go:301.49,302.59 1 1
github.com/myzkey/gh-repo-settings/internal/diff/diff.go:302.59,304.86 1 1
github.com/myzkey/gh-repo-settings/internal/diff/diff.go:304.86,312.5 1 1
github.com/myzkey/gh-repo-settings/internal/diff/diff.go:313.9,321.4 1 1
github.com/myzkey/gh-repo-settings/internal/diff/diff.go:325.2,325.36 1 1
github.com/myzkey/gh-repo-settings/internal/diff/diff.go:325.36,326.46 1 1
github.com/myzkey/gh-repo-settings/internal/diff/diff.go:326.46,327.58 1 1
github.com/myzkey/gh-repo-settings/internal/diff/diff.go:327.58,334.5 1 1
github.com/myzkey/gh-repo-settings/internal/diff/diff.go:338.2,338.21 1 1
github.com/myzkey/gh-repo-settings/internal/diff/diff.go:341.85,344.58 2 1
github.com/myzkey/gh-repo-settings/internal/diff/diff.go:344.58,346.17 2 1
github.com/myzkey/gh-repo-settings/internal/diff/diff.go:346.17,347.58 1 1
github.com/myzkey/gh-repo-settings/internal/diff/diff.go:347.58,355.13 2 1
github.com/myzkey/gh-repo-settings/internal/diff/diff.go:357.4,357.19 1 1
github.com/myzkey/gh-repo-settings/internal/diff/diff.go:361.3,362.46 2 1
github.com/myzkey/gh-repo-settings/internal/diff/diff.go:365.2,365.21 1 1
github.com/myzkey/gh-repo-settings/internal/diff/diff.go:368.114,373.36 3 1
github.com/myzkey/gh-repo-settings/internal/diff/diff.go:373.36,375.48 2 1
github.com/myzkey/gh-repo-settings/internal/diff/diff.go:375.48,377.4 1 1
github.com/myzkey/gh-repo-settings/internal/diff/diff.go:378.3,378.49 1 1
github.com/myzkey/gh-repo-settings/internal/diff/diff.go:378.49,386.4 1 1
github.com/myzkey/gh-repo-settings/internal/diff/diff.go:390.2,390.40 1 1
github.com/myzkey/gh-repo-settings/internal/diff/diff.go:390.40,392.48 2 1
github.com/myzkey/gh-repo-settings/internal/diff/diff.go:392.48,394.4 1 1
github.com/myzkey/gh-repo-settings/internal/diff/diff.go:395.3,395.49 1 1
github.com/myzkey/gh-repo-settings/internal/diff/diff.go:395.49,403.4 1 1
github.com/myzkey/gh-repo-settings/internal/diff/diff.go:407.2,407.37 1 1
github.com/myzkey/gh-repo-settings/internal/diff/diff.go:407.37,409.48 2 1
github.com/myzkey/gh-repo-settings/internal/diff/diff.go:409.48,411.4 1 1
github.com/myzkey/gh-repo-settings/internal/diff/diff.go:412.3,412.46 1 1
github.com/myzkey/gh-repo-settings/internal/diff/diff.go:412.46,420.4 1 1
github.com/myzkey/gh-repo-settings/internal/diff/diff.go:424.2,424.39 1 1
github.com/myzkey/gh-repo-settings/internal/diff/diff.go:424.39,426.42 2 1
github.com/myzkey/gh-repo-settings/internal/diff/diff.go:426.42,428.4 1 1
github.com/myzkey/gh-repo-settings/internal/diff/diff.go:429.3,429.48 1 1
github.com/myzkey/gh-repo-settings/internal/diff/diff.go:429.48,437.4 1 1
github.com/myzkey/gh-repo-settings/internal/diff/diff.go:441.2,441.33 1 1
github.com/myzkey/gh-repo-settings/internal/diff/diff.go:441.33,443.42 2 1
github.com/myzkey/gh-repo-settings/internal/diff/diff.go:443.42,445.4 1 1
github.com/myzkey/gh-repo-settings/internal/diff/diff.go:446.3,446.62 1 1
github.com/myzkey/gh-repo-settings/internal/diff/diff.go:446.62,454.4 1 1
github.com/myzkey/gh-repo-settings/internal/diff/diff.go:458.2,458.34 1 1
github.com/myzkey/gh-repo-settings/internal/diff/diff.go:458.34,460.35 2 1
github.com/myzkey/gh-repo-settings/internal/diff/diff.go:460.35,462.4 1 1
github.com/myzkey/gh-repo-settings/internal/diff/diff.go:463.3,463.43 1 1
github.com/myzkey/gh-repo-settings/internal/diff/diff.go:463.43,471.4 1 1
github.com/myzkey/gh-repo-settings/internal/diff/diff.go:475.2,475.41 1 1
github.com/myzkey/gh-repo-settings/internal/diff/diff.go:475.41,477.43 2 1
github.com/myzkey/gh-repo-settings/internal/diff/diff.go:477.43,479.4 1 1
github.com/myzkey/gh-repo-settings/internal/diff/diff.go:480.3,480.50 1 1
github.com/myzkey/gh-repo-settings/internal/diff/diff.go:480.50,488.4 1 1
github.com/myzkey/gh-repo-settings/internal/diff/diff.go:492.2,492.37 1 1
github.com/myzkey/gh-repo-settings/internal/diff/diff.go:492.37,494.38 2 1
github.com/myzkey/gh-repo-settings/internal/diff/diff.go:494.38,496.4 1 1
github.com/myzkey/gh-repo-settings/internal/diff/diff.go:497.3,497.46 1 1
github.com/myzkey/gh-repo-settings/internal/diff/diff.go:497.46,505.4 1 1
github.com/myzkey/gh-repo-settings/internal/diff/diff.go:509.2,509.35 1 1
github.com/myzkey/gh-repo-settings/internal/diff/diff.go:509.35,511.36 2 1
github.com/myzkey/gh-repo-settings/internal/diff/diff.go:511.36,513.4 1 1
github.com/myzkey/gh-repo-settings/internal/diff/diff.go:514.3,514.44 1 1
github.com/myzkey/gh-repo-settings/internal/diff/diff.go:514.44,522.4 1 1
github.com/myzkey/gh-repo-settings/internal/diff/diff.go:526.2,526.41 1 1
github.com/myzkey/gh-repo-settings/internal/diff/diff.go:526.41,528.40 2 1
github.com/myzkey/gh-repo-settings/internal/diff/diff.go:528.40,530.4 1 1
github.com/myzkey/gh-repo-settings/internal/diff/diff.go:531.3,531.50 1 1
github.com/myzkey/gh-repo-settings/internal/diff/diff.go:531.50,539.4 1 1
github.com/myzkey/gh-repo-settings/internal/diff/diff.go:542.2,542.16 1 1
github.com/myzkey/gh-repo-settings/internal/diff/diff.go:545.55,547.33 2 1
github.com/myzkey/gh-repo-settings/internal/diff/diff.go:547.33,549.3 1 1
github.com/myzkey/gh-repo-settings/internal/diff/diff.go:550.2,550.66 1 1
github.com/myzkey/gh-repo-settings/internal/diff/diff.go:550.66,552.3 1 1
github.com/myzkey/gh-repo-settings/internal/diff/diff.go:553.2,553.60 1 1
github.com/myzkey/gh-repo-settings/internal/diff/diff.go:553.60,555.3 1 1
github.com/myzkey/gh-repo-settings/internal/diff/diff.go:556.2,556.64 1 1
github.com/myzkey/gh-repo-settings/internal/diff/diff.go:556.64,558.3 1 1
github.com/myzkey/gh-repo-settings/internal/diff/diff.go:559.2,559.32 1 1
github.com/myzkey/gh-repo-settings/internal/diff/diff.go:559.32,561.3 1 1
github.com/myzkey/gh-repo-settings/internal/diff/diff.go:562.2,562.54 1 1
github.com/myzkey/gh-repo-settings/internal/diff/diff.go:562.54,564.3 1 1
github.com/myzkey/gh-repo-settings/internal/diff/diff.go:565.2,565.68 1 1
github.com/myzkey/gh-repo-settings/internal/diff/diff.go:565.68,567.3 1 1
github.com/myzkey/gh-repo-settings/internal/diff/diff.go:568.2,568.68 1 1
github.com/myzkey/gh-repo-settings/internal/diff/diff.go:568.68,570.3 1 1
github.com/myzkey/gh-repo-settings/internal/diff/diff.go:571.2,571.60 1 1
github.com/myzkey/gh-repo-settings/internal/diff/diff.go:571.60,573.3 1 1
github.com/myzkey/gh-repo-settings/internal/diff/diff.go:574.2,574.56 1 1
github.com/myzkey/gh-repo-settings/internal/diff/diff.go:574.56,576.3 1 1
github.com/myzkey/gh-repo-settings/internal/diff/diff.go:577.2,577.21 1 1
github.com/myzkey/gh-repo-settings/internal/diff/diff.go:577.21,579.3 1 1
github.com/myzkey/gh-repo-settings/internal/diff/diff.go:580.2,580.46 1 1
github.com/myzkey/gh-repo-settings/internal/diff/diff.go:583.39,585.26 2 1
github.com/myzkey/gh-repo-settings/internal/diff/diff.go:585.26,586.12 1 1
github.com/myzkey/gh-repo-settings/internal/diff/diff.go:586.12,588.4 1 1
github.com/myzkey/gh-repo-settings/internal/diff/diff.go:589.3,589.14 1 1
github.com/myzkey/gh-repo-settings/internal/diff/diff.go:591.2,591.15 1 1
github.com/myzkey/gh-repo-settings/internal/diff/diff.go:594.74,595.68 1 1
github.com/myzkey/gh-repo-settings/internal/diff/diff.go:595.68,597.3 1 0
github.com/myzkey/gh-repo-settings/internal/diff/diff.go:599.2,600.16 2 1
github.com/myzkey/gh-repo-settings/internal/diff/diff.go:600.16,602.3 1 1
github.com/myzkey/gh-repo-settings/internal/diff/diff.go:604.2,605.35 2 1
github.com/myzkey/gh-repo-settings/internal/diff/diff.go:605.35,607.3 1 1
github.com/myzkey/gh-repo-settings/internal/diff/diff.go:609.2,610.53 2 1
github.com/myzkey/gh-repo-settings/internal/diff/diff.go:610.53,611.27 1 1
github.com/myzkey/gh-repo-settings/internal/diff/diff.go:611.27,618.4 1 1
github.com/myzkey/gh-repo-settings/internal/diff/diff.go:621.2,621.21 1 1
github.com/myzkey/gh-repo-settings/internal/diff/diff.go:624.76,625.60 1 1
github.com/myzkey/gh-repo-settings/internal/diff/diff.go:625.60,627.3 1 0
github.com/myzkey/gh-repo-settings/internal/diff/diff.go:629.2,630.16 2 1
github.com/myzkey/gh-repo-settings/internal/diff/diff.go:630.16,632.3 1 1
github.com/myzkey/gh-repo-settings/internal/diff/diff.go:634.2,635.32 2 1
github.com/myzkey/gh-repo-settings/internal/diff/diff.go:635.32,637.3 1 1
github.com/myzkey/gh-repo-settings/internal/diff/diff.go:639.2,640.49 2 1
github.com/myzkey/gh-repo-settings/internal/diff/diff.go:640.49,641.24 1 1
github.com/myzkey/gh-repo-settings/internal/diff/diff.go:641.24,648.4 1 1
github.com/myzkey/gh-repo-settings/internal/diff/diff.go:651.2,651.21 1 1
github.com/myzkey/gh-repo-settings/internal/diff/diff.go:654.34,655.26 1 1
github.com/myzkey/gh-repo-settings/internal/diff/diff.go:655.26,657.3 1 1
github.com/myzkey/gh-repo-settings/internal/diff/diff.go:658.2,658.26 1 1
github.com/myzkey/gh-repo-settings/internal/diff/diff.go:658.26,660.3 1 1
github.com/myzkey/gh-repo-settings/internal/diff/diff.go:661.2,661.17 1 1
github.com/myzkey/gh-repo-settings/internal/diff/diff.go:664.31,665.14 1 1
github.com/myzkey/gh-repo-settings/internal/diff/diff.go:665.14,667.3 1 1
github.com/myzkey/gh-repo-settings/internal/diff/diff.go:668.2,668.11 1 1
github.com/myzkey/gh-repo-settings/internal/diff/diff.go:671.76,677.16 4 1
github.com/myzkey/gh-repo-settings/internal/diff/diff.go:677.16,679.3 1 1
github.com/myzkey/gh-repo-settings/internal/diff/diff.go:682.2,682.64 1 1
github.com/myzkey/gh-repo-settings/internal/diff/diff.go:682.64,690.3 1 1
github.com/myzkey/gh-repo-settings/internal/diff/diff.go:693.2,693.85 1 1
github.com/myzkey/gh-repo-settings/internal/diff/diff.go:693.85,701.3 1 1
github.com/myzkey/gh-repo-settings/internal/diff/diff.go:704.2,704.32 1 1
github.com/myzkey/gh-repo-settings/internal/diff/diff.go:704.32,706.17 2 1
github.com/myzkey/gh-repo-settings/internal/diff/diff.go:706.17,709.4 1 0
github.com/myzkey/gh-repo-settings/internal/diff/diff.go:711.3,711.133 1 1
github.com/myzkey/gh-repo-settings/internal/diff/diff.go:711.133,719.4 1 1
github.com/myzkey/gh-repo-settings/internal/diff/diff.go:721.3,721.124 1 1
github.com/myzkey/gh-repo-settings/internal/diff/diff.go:721.124,729.4 1 1
github.com/myzkey/gh-repo-settings/internal/diff/diff.go:731.3,731.143 1 1
github.com/myzkey/gh-repo-settings/internal/diff/diff.go:731.143,739.4 1 1
github.com/myzkey/gh-repo-settings/internal/diff/diff.go:743.2,744.16 2 1
github.com/myzkey/gh-repo-settings/internal/diff/diff.go:744.16,746.3 1 1
github.com/myzkey/gh-repo-settings/internal/diff/diff.go:748.2,748.124 1 1
github.com/myzkey/gh-repo-settings/internal/diff/diff.go:748.124,756.3 1 1
github.com/myzkey/gh-repo-settings/internal/diff/diff.go:758.2,758.130 1 1
github.com/myzkey/gh-repo-settings/internal/diff/diff.go:758.130,766.3 1 1
github.com/myzkey/gh-repo-settings/internal/diff/diff.go:768.2,768.21 1 1
